[14:43:13] WARNING: /workspace/src/objective/regression_obj.cu:152: reg:linear is now deprecated in favor of reg:squarederror.
0 8.163341
1 8.318863
2 8.364863
3 8.364863
4 8.364863
5 8.364863
6 8.364863
7 8.364863
8 8.364863
9 8.364863
10 8.364863
11 8.395395
12 8.395395
13 8.395395
14 8.395395
15 8.395395
16 8.395395
17 8.395395
18 8.4072075
19 8.4072075
20 8.4072075
21 8.4072075
22 8.4072075
23 8.4072075
24 8.4072075
25 8.4072075
26 8.4072075
27 8.4072075
28 8.4072075
29 8.4072075
30 8.4072075
31 8.4072075
32 8.4072075
33 8.4072075
34 8.4072075
35 8.4072075
36 8.4072075
37 8.4072075
38 8.4072075
39 8.4072075
40 8.4072075
41 8.4072075
42 8.443468
43 8.443468
44 8.443468
45 8.443468
46 8.443468
47 8.443468
48 8.443468
49 8.443468
50 8.443468
51 8.443468
52 8.443468
53 8.443468
54 8.443468
55 8.443468
56 8.443468
57 8.443468
58 8.443468
59 8.443468
60 8.443468
61 8.443468
62 8.443468
63 8.443468
64 8.443468
65 8.449726
66 8.449726
67 8.449726
68 8.449726
69 8.449726
70 8.449726
71 8.449726
72 8.449726
73 8.449726
74 8.449726
75 8.449726
76 8.449726
77 8.449726
78 8.449726
79 8.449726
80 8.449726
81 8.449726
82 8.449726
83 8.449726
84 8.449726
85 8.449726
86 8.449726
87 8.449726
88 8.449726
89 8.449726
90 8.449726
91 8.449726
92 8.449726
93 8.449726
94 8.449726
95 8.449726
96 8.449726
97 8.449726
98 8.449726
99 8.449726
100 8.449726
101 8.449726
102 8.449726
103 8.449726
104 8.449726
105 8.449726
106 8.449726
107 8.449726
108 8.449726
109 8.449726
110 8.449726
111 8.449726
112 8.449726
113 8.449726
114 8.449726
115 8.449726
116 8.449726
117 8.449726
118 8.449726
119 8.449726
120 8.449726
121 8.449726
122 8.449726
123 8.449726
124 8.449726
125 8.449726
126 8.449726
127 8.449726
128 8.449726
129 8.449726
130 8.449726
131 8.449726
132 8.449726
133 8.449726
134 8.449726
135 8.449726
136 8.449726
137 8.449726
138 8.449726
139 8.449726
140 8.449726
141 8.449726
142 8.449726
143 8.449726
144 8.449726
145 8.449726
146 8.449726
147 8.449726
148 8.449726
149 8.449726
150 8.449726
151 8.449726
152 8.449726
153 8.449726
154 8.449726
155 8.449726
156 8.449726
157 8.449726
158 8.449726
159 8.449726
160 8.449726
161 8.449726
162 8.449726
163 8.449726
164 8.449726
165 8.449726
166 8.449726
167 8.449726
168 8.449726
169 8.449726
170 8.449726
171 8.449726
172 8.449726
173 8.449726
174 8.449726
175 8.449726
176 8.449726
177 8.449726
178 8.449726
179 8.449726
180 8.449726
181 8.449726
182 8.449726
183 8.449726
184 8.449726
185 8.449726
186 8.449726
187 8.449726
188 8.449726
189 8.449726
190 8.449726
191 8.449726
192 8.449726
193 8.449726
194 8.449726
195 8.449726
196 8.449726
197 8.449726
198 8.449726
199 8.449726
200 8.449726
201 8.449726
202 8.449726
203 8.449726
204 8.449726
205 8.449726
206 8.449726
207 8.449726
208 8.449726
209 8.449726
210 8.449726
211 8.449726
212 8.449726
213 8.449726
214 8.449726
215 8.449726
216 8.449726
217 8.449726
218 8.449726
219 8.449726
220 8.449726
221 8.449726
222 8.449726
223 8.449726
224 8.449726
225 8.449726
226 8.449726
227 8.449726
228 8.449726
229 8.449726
230 8.449726
231 8.449726
232 8.449726
233 8.449726
234 8.449726
235 8.449726
236 8.449726
237 8.449726
238 8.449726
239 8.449726
240 8.449726
241 8.449726
242 8.449726
243 8.449726
244 8.449726
245 8.449726
246 8.449726
247 8.449726
248 8.449726
249 8.449726
250 8.449726
251 8.449726
252 8.449726
253 8.449726
254 8.449726
255 8.449726
256 8.449726
257 8.449726
258 8.449726
259 8.449726
260 8.449726
261 8.449726
262 8.449726
263 8.449726
264 8.449726
265 8.449726
266 8.449726
267 8.449726
268 8.449726
269 8.449726
270 8.449726
271 8.449726
272 8.449726
273 8.449726
274 8.449726
275 8.449726
276 8.449726
277 8.449726
278 8.449726
279 8.449726
280 8.449726
281 8.449726
282 8.449726
283 8.449726
284 8.449726
285 8.449726
286 8.449726
287 8.449726
288 8.449726
289 8.449726
290 8.449726
291 8.449726
292 8.449726
293 8.449726
294 8.449726
295 8.449726
296 8.449726
297 8.449726
298 8.449726
299 8.449726
300 8.449726
301 8.449726
302 8.449726
303 8.449726
304 8.449726
305 8.449726
306 8.449726
307 8.449726
308 8.449726
309 8.449726
310 8.449726
311 8.449726
312 8.449726
313 8.449726
314 8.449726
315 8.449726
316 8.449726
317 8.449726
318 8.449726
319 8.449726
320 8.449726
321 8.449726
322 8.449726
323 8.449726
324 8.449726
325 8.449726
326 8.449726
327 8.449726
328 8.449726
329 8.449726
330 8.449726
331 8.449726
332 8.449726
333 8.449726
334 8.449726
335 8.449726
336 8.449726
337 8.449726
338 8.449726
339 8.449726
340 8.449726
341 8.449726
342 8.449726
343 8.449726
344 8.449726
345 8.449726
346 8.449726
347 8.449726
348 8.449726
349 8.449726
350 8.449726
351 8.449726
352 8.449726
353 8.449726
354 8.449726
355 8.449726
356 8.449726
357 8.449726
358 8.449726
359 8.449726
360 8.449726
361 8.449726
362 8.449726
363 8.449726
364 8.449726
365 8.449726
366 8.449726
367 8.449726
368 8.449726
369 8.449726
370 8.449726
371 8.449726
372 8.449726
373 8.449726
374 8.449726
375 8.449726
376 8.449726
377 8.449726
378 8.449726
379 8.449726
380 8.449726
381 8.449726
382 8.449726
383 8.449726
384 8.449726
385 8.449726
386 8.449726
387 8.449726
388 8.449726
389 8.449726
390 8.449726
391 8.449726
392 8.449726
393 8.449726
394 8.449726
395 8.449726
396 8.449726
397 8.449726
398 8.449726
399 8.449726
400 8.449726
401 8.449726
402 8.449726
403 8.449726
404 8.449726
405 8.449726
406 8.449726
407 8.449726
408 8.449726
409 8.449726
410 8.449726
411 8.449726
412 8.449726
413 8.449726
414 8.449726
415 8.449726
416 8.449726
417 8.449726
418 8.449726
419 8.449726
420 8.449726
421 8.449726
422 8.449726
423 8.449726
424 8.449726
425 8.449726
426 8.449726
427 8.449726
428 8.449726
429 8.449726
430 8.449726
431 8.449726
432 8.449726
433 8.449726
434 8.449726
435 8.449726
436 8.449726
437 8.449726
438 8.449726
439 8.449726
440 8.449726
441 8.449726
442 8.449726
443 8.449726
444 8.449726
445 8.449726
446 8.449726
447 8.449726
448 8.449726
449 8.449726
450 8.449726
451 8.449726
452 8.449726
453 8.449726
454 8.449726
455 8.449726
456 8.449726
457 8.449726
458 8.449726
459 8.449726
460 8.449726
461 8.449726
462 8.449726
463 8.449726
464 8.449726
465 8.449726
466 8.449726
467 8.449726
468 8.449726
469 8.449726
470 8.449726
471 8.449726
472 8.449726
473 8.449726
474 8.449726
475 8.449726
476 8.449726
477 8.449726
478 8.449726
479 8.449726
480 8.449726
481 8.449726
482 8.449726
483 8.449726
484 8.449726
485 8.449726
486 8.449726
487 8.449726
488 8.449726
489 8.449726
490 8.449726
491 8.449726
492 8.449726
493 8.449726
494 8.449726
495 8.449726
496 8.449726
497 8.449726
498 8.449726
499 8.449726
500 8.449726
501 8.449726
502 8.449726
503 8.449726
504 8.449726
505 8.449726
506 8.449726
507 8.449726
508 8.449726
509 8.449726
510 8.449726
511 8.449726
512 8.449726
513 8.449726
514 8.449726
515 8.449726
516 8.449726
517 8.449726
518 8.449726
519 8.449726
520 8.449726
521 8.449726
522 8.449726
523 8.449726
524 8.449726
525 8.449726
526 8.449726
527 8.449726
528 8.449726
529 8.449726
530 8.449726
531 8.449726
532 8.449726
533 8.449726
534 8.449726
535 8.449726
536 8.449726
537 8.449726
538 8.449726
539 8.449726
540 8.449726
541 8.449726
542 8.449726
543 8.449726
544 8.449726
545 8.449726
546 8.449726
547 8.449726
548 8.449726
549 8.449726
550 8.449726
551 8.449726
552 8.449726
553 8.449726
554 8.449726
555 8.449726
556 8.449726
557 8.449726
558 8.449726
559 8.449726
560 8.449726
561 8.449726
562 8.449726
563 8.449726
564 8.449726
565 8.449726
566 8.449726
567 8.449726
568 8.449726
569 8.449726
570 8.449726
571 8.449726
572 8.449726
573 8.449726
574 8.449726
575 8.449726
576 8.449726
577 8.449726
578 8.449726
579 8.449726
580 8.449726
581 8.449726
582 8.449726
583 8.449726
584 8.449726
585 8.449726
586 8.449726
587 8.449726
588 8.449726
589 8.449726
590 8.449726
591 8.449726
592 8.449726
593 8.449726
594 8.449726
595 8.449726
596 8.449726
597 8.449726
598 8.449726
599 8.449726
600 8.449726
601 8.449726
602 8.449726
603 8.449726
604 8.449726
605 8.449726
606 8.449726
607 8.449726
608 8.449726
609 8.449726
610 8.449726
611 8.449726
612 8.449726
613 8.449726
614 8.449726
615 8.449726
616 8.449726
617 8.449726
618 8.449726
619 8.449726
620 8.449726
621 8.449726
622 8.449726
623 8.449726
624 8.449726
625 8.449726
626 8.449726
627 8.449726
628 8.449726
629 8.449726
630 8.449726
631 8.449726
632 8.449726
633 8.449726
634 8.449726
635 8.449726
636 8.449726
637 8.449726
638 8.449726
639 8.449726
640 8.449726
641 8.449726
642 8.449726
643 8.449726
644 8.449726
645 8.449726
646 8.449726
647 8.449726
648 8.449726
649 8.449726
650 8.449726
651 8.449726
652 8.449726
653 8.449726
654 8.449726
655 8.449726
656 8.449726
657 8.449726
658 8.449726
659 8.449726
660 8.449726
661 8.449726
662 8.449726
663 8.449726
664 8.449726
665 8.449726
666 8.449726
667 8.449726
668 8.449726
669 8.449726
670 8.449726
671 8.449726
672 8.449726
673 8.449726
674 8.449726
675 8.449726
676 8.449726
677 8.449726
678 8.449726
679 8.449726
680 8.449726
681 8.449726
682 8.449726
683 8.449726
684 8.449726
685 8.449726
686 8.449726
687 8.449726
688 8.449726
689 8.449726
690 8.449726
691 8.449726
692 8.449726
693 8.449726
694 8.449726
695 8.449726
696 8.449726
697 8.449726
698 8.449726
699 8.449726
700 8.449726
701 8.449726
702 8.449726
703 8.449726
704 8.449726
705 8.449726
706 8.449726
707 8.449726
708 8.449726
709 8.449726
710 8.449726
711 8.449726
712 8.449726
713 8.449726
714 8.449726
715 8.449726
716 8.449726
717 8.449726
718 8.449726
719 8.449726
720 8.449726
721 8.449726
722 8.449726
723 8.449726
724 8.449726
725 8.449726
726 8.449726
727 8.449726
728 8.449726
729 8.449726
730 8.449726
731 8.449726
732 8.449726
733 8.449726
734 8.449726
735 8.449726
736 8.449726
737 8.449726
738 8.449726
739 8.449726
740 8.449726
741 8.449726
742 8.449726
743 8.449726
744 8.449726
745 8.449726
746 8.449726
747 8.449726
748 8.449726
749 8.449726
750 8.449726
751 8.449726
752 8.449726
753 8.449726
754 8.449726
755 8.449726
756 8.449726
757 8.449726
758 8.449726
759 8.449726
760 8.449726
761 8.449726
762 8.449726
763 8.449726
764 8.449726
765 8.449726
766 8.449726
767 8.449726
768 8.449726
769 8.449726
770 8.449726
771 8.449726
772 8.449726
773 8.449726
774 8.449726
775 8.449726
776 8.449726
777 8.449726
778 8.449726
779 8.449726
780 8.449726
781 8.449726
782 8.449726
783 8.449726
784 8.449726
785 8.449726
786 8.449726
787 8.449726
788 8.449726
789 8.449726
790 8.449726
791 8.449726
792 8.449726
793 8.449726
794 8.449726
795 8.449726
796 8.449726
797 8.449726
798 8.449726
799 8.449726
800 8.449726
801 8.449726
802 8.449726
803 8.449726
804 8.449726
805 8.449726
806 8.449726
807 8.449726
808 8.449726
809 8.449726
810 8.449726
811 8.449726
812 8.449726
813 8.449726
814 8.449726
815 8.449726
816 8.449726
817 8.449726
818 8.449726
819 8.449726
820 8.449726
821 8.449726
822 8.449726
823 8.449726
824 8.449726
825 8.449726
826 8.449726
827 8.449726
828 8.449726
829 8.449726
830 8.449726
831 8.449726
832 8.449726
833 8.449726
834 8.449726
835 8.449726
836 8.449726
837 8.449726
838 8.449726
839 8.449726
840 8.449726
841 8.449726
842 8.449726
843 8.449726
844 8.449726
845 8.449726
846 8.449726
847 8.449726
848 8.449726
849 8.449726
850 8.449726
851 8.449726
852 8.449726
853 8.449726
854 8.449726
855 8.449726
856 8.449726
857 8.449726
858 8.449726
859 8.449726
860 8.449726
861 8.449726
862 8.449726
863 8.449726
864 8.449726
865 8.449726
866 8.449726
867 8.449726
868 8.449726
869 8.449726
870 8.449726
871 8.449726
872 8.449726
873 8.449726
874 8.449726
875 8.449726
876 8.449726
877 8.449726
878 8.449726
879 8.449726
880 8.449726
881 8.449726
882 8.449726
883 8.449726
884 8.449726
885 8.449726
886 8.449726
887 8.449726
888 8.449726
889 8.449726
890 8.449726
891 8.449726
892 8.449726
893 8.449726
894 8.449726
895 8.449726
896 8.449726
897 8.449726
898 8.449726
899 8.449726
900 8.449726
901 8.449726
902 8.449726
903 8.449726
904 8.449726
905 8.449726
906 8.449726
907 8.449726
908 8.449726
909 8.449726
910 8.449726
911 8.449726
912 8.449726
913 8.449726
914 8.449726
915 8.449726
916 8.449726
917 8.449726
918 8.449726
919 8.449726
920 8.449726
921 8.449726
922 8.449726
923 8.449726
924 8.449726
925 8.449726
926 8.449726
927 8.449726
928 8.449726
929 8.449726
930 8.449726
931 8.449726
932 8.449726
933 8.449726
934 8.449726
935 8.449726
936 8.449726
937 8.449726
938 8.449726
939 8.449726
940 8.449726
941 8.449726
942 8.449726
943 8.449726
944 8.449726
945 8.449726
946 8.449726
947 8.449726
948 8.449726
949 8.449726
950 8.449726
951 8.449726
952 8.449726
953 8.449726
954 8.449726
955 8.449726
956 8.449726
957 8.449726
958 8.449726
959 8.449726
960 8.449726
961 8.449726
962 8.449726
963 8.449726
964 8.449726
965 8.449726
966 8.449726
967 8.449726
968 8.449726
969 8.449726
970 8.449726
971 8.449726
972 8.449726
973 8.449726
974 8.449726
975 8.449726
976 8.449726
977 8.449726
978 8.449726
979 8.449726
980 8.449726
981 8.449726
982 8.449726
983 8.449726
984 8.449726
985 8.449726
986 8.449726
987 8.449726
988 8.449726
989 8.449726
990 8.449726
991 8.449726
992 8.449726
993 8.449726
994 8.449726
995 8.449726
996 8.449726
997 8.449726
998 8.449726
999 8.449726
[-0.6862592   0.76200037 -0.79066344 -0.34820796 -0.48535557 -0.43975247]
[8.449726]
