[14:47:30] WARNING: /workspace/src/objective/regression_obj.cu:152: reg:linear is now deprecated in favor of reg:squarederror.
0 10.495732
1 10.694557
2 10.694557
3 10.771976
4 10.823797
5 10.934151
6 10.934151
7 10.934151
8 11.053341
9 11.053341
10 11.080691
11 11.121102
12 11.121102
13 11.121102
14 11.121102
15 11.121102
16 11.121102
17 11.121102
18 11.121102
19 11.121102
20 11.121102
21 11.121102
22 11.121779
23 11.121779
24 11.121779
25 11.121779
26 11.121779
27 11.121779
28 11.28852
29 11.28852
30 11.28852
31 11.28852
32 11.28852
33 11.34708
34 11.34708
35 11.34708
36 11.34708
37 11.34708
38 11.34708
39 11.34708
40 11.34708
41 11.34708
42 11.34708
43 11.34708
44 11.34708
45 11.34708
46 11.34708
47 11.34708
48 11.34708
49 11.34708
50 11.34708
51 11.34708
52 11.34708
53 11.34708
54 11.34708
55 11.34708
56 11.34708
57 11.34708
58 11.34708
59 11.34708
60 11.34708
61 11.34708
62 11.34708
63 11.34708
64 11.34708
65 11.34708
66 11.34708
67 11.34708
68 11.34708
69 11.34708
70 11.34708
71 11.34708
72 11.34708
73 11.34708
74 11.34708
75 11.34708
76 11.34708
77 11.34708
78 11.34708
79 11.34708
80 11.34708
81 11.34708
82 11.34708
83 11.34708
84 11.34708
85 11.34708
86 11.34708
87 11.34708
88 11.34708
89 11.34708
90 11.34708
91 11.34708
92 11.34708
93 11.34708
94 11.34708
95 11.34708
96 11.34708
97 11.34708
98 11.34708
99 11.34708
100 11.34708
101 11.34708
102 11.34708
103 11.34708
104 11.34708
105 11.34708
106 11.34708
107 11.428284
108 11.428284
109 11.428284
110 11.428284
111 11.428284
112 11.428284
113 11.428284
114 11.428284
115 11.428284
116 11.428284
117 11.428284
118 11.428284
119 11.428284
120 11.428284
121 11.428284
122 11.428284
123 11.428284
124 11.428284
125 11.428284
126 11.428284
127 11.428284
128 11.428284
129 11.428284
130 11.428284
131 11.428284
132 11.428284
133 11.428284
134 11.428284
135 11.428284
136 11.428284
137 11.428284
138 11.428284
139 11.428284
140 11.428284
141 11.428284
142 11.428284
143 11.428284
144 11.428284
145 11.428284
146 11.428284
147 11.428284
148 11.428284
149 11.428284
150 11.428284
151 11.428284
152 11.428284
153 11.428284
154 11.428284
155 11.428284
156 11.428284
157 11.428284
158 11.428284
159 11.428284
160 11.428284
161 11.428284
162 11.428284
163 11.428284
164 11.428284
165 11.428284
166 11.428284
167 11.428284
168 11.428284
169 11.428284
170 11.428284
171 11.428284
172 11.428284
173 11.428284
174 11.428284
175 11.428284
176 11.428284
177 11.428284
178 11.428284
179 11.428284
180 11.428284
181 11.428284
182 11.428284
183 11.428284
184 11.428284
185 11.428284
186 11.428284
187 11.428284
188 11.428284
189 11.428284
190 11.428284
191 11.428284
192 11.428284
193 11.428284
194 11.428284
195 11.428284
196 11.428284
197 11.428284
198 11.428284
199 11.428284
200 11.428284
201 11.428284
202 11.428284
203 11.428284
204 11.428284
205 11.428284
206 11.428284
207 11.428284
208 11.428284
209 11.428284
210 11.428284
211 11.428284
212 11.428284
213 11.428284
214 11.428284
215 11.428284
216 11.428284
217 11.428284
218 11.428284
219 11.428284
220 11.428284
221 11.428284
222 11.428284
223 11.428284
224 11.428284
225 11.428284
226 11.428284
227 11.428284
228 11.428284
229 11.428284
230 11.428284
231 11.428284
232 11.428284
233 11.428284
234 11.428284
235 11.428284
236 11.428284
237 11.428284
238 11.428284
239 11.428284
240 11.428284
241 11.428284
242 11.428284
243 11.428284
244 11.428284
245 11.428284
246 11.428284
247 11.428284
248 11.428284
249 11.428284
250 11.428284
251 11.428284
252 11.428284
253 11.428284
254 11.428284
255 11.428284
256 11.428284
257 11.428284
258 11.428284
259 11.428284
260 11.428284
261 11.428284
262 11.428284
263 11.428284
264 11.428284
265 11.428284
266 11.428284
267 11.428284
268 11.428284
269 11.428284
270 11.428284
271 11.428284
272 11.428284
273 11.428284
274 11.428284
275 11.428284
276 11.428284
277 11.428284
278 11.428284
279 11.428284
280 11.428284
281 11.428284
282 11.428284
283 11.428284
284 11.428284
285 11.428284
286 11.428284
287 11.428284
288 11.428284
289 11.428284
290 11.428284
291 11.428284
292 11.428284
293 11.428284
294 11.428284
295 11.428284
296 11.428284
297 11.428284
298 11.428284
299 11.428284
300 11.428284
301 11.428284
302 11.428284
303 11.428284
304 11.428284
305 11.428284
306 11.428284
307 11.428284
308 11.428284
309 11.428284
310 11.428284
311 11.428284
312 11.428284
313 11.428284
314 11.428284
315 11.428284
316 11.428284
317 11.428284
318 11.428284
319 11.428284
320 11.428284
321 11.428284
322 11.428284
323 11.428284
324 11.428284
325 11.428284
326 11.428284
327 11.428284
328 11.428284
329 11.428284
330 11.428284
331 11.428284
332 11.428284
333 11.428284
334 11.428284
335 11.428284
336 11.428284
337 11.428284
338 11.428284
339 11.428284
340 11.428284
341 11.428284
342 11.428284
343 11.428284
344 11.428284
345 11.428284
346 11.428284
347 11.428284
348 11.428284
349 11.428284
350 11.428284
351 11.428284
352 11.428284
353 11.428284
354 11.428284
355 11.428284
356 11.428284
357 11.428284
358 11.428284
359 11.428284
360 11.428284
361 11.428284
362 11.428284
363 11.428284
364 11.428284
365 11.428284
366 11.428284
367 11.428284
368 11.428284
369 11.428284
370 11.428284
371 11.428284
372 11.428284
373 11.428284
374 11.428284
375 11.428284
376 11.428284
377 11.428284
378 11.428284
379 11.428284
380 11.428284
381 11.428284
382 11.428284
383 11.428284
384 11.428284
385 11.428284
386 11.428284
387 11.428284
388 11.428284
389 11.428284
390 11.428284
391 11.428284
392 11.428284
393 11.428284
394 11.428284
395 11.428284
396 11.428284
397 11.428284
398 11.428284
399 11.428284
400 11.428284
401 11.428284
402 11.428284
403 11.428284
404 11.428284
405 11.428284
406 11.428284
407 11.428284
408 11.428284
409 11.428284
410 11.428284
411 11.428284
412 11.428284
413 11.428284
414 11.428284
415 11.428284
416 11.428284
417 11.428284
418 11.428284
419 11.428284
420 11.428284
421 11.428284
422 11.428284
423 11.428284
424 11.428284
425 11.428284
426 11.428284
427 11.428284
428 11.428284
429 11.428284
430 11.428284
431 11.428284
432 11.428284
433 11.428284
434 11.428284
435 11.428284
436 11.428284
437 11.428284
438 11.428284
439 11.428284
440 11.428284
441 11.428284
442 11.428284
443 11.428284
444 11.428284
445 11.428284
446 11.428284
447 11.428284
448 11.428284
449 11.428284
450 11.428284
451 11.428284
452 11.428284
453 11.428284
454 11.428284
455 11.428284
456 11.428284
457 11.428284
458 11.428284
459 11.428284
460 11.428284
461 11.428284
462 11.428284
463 11.428284
464 11.428284
465 11.428284
466 11.428284
467 11.428284
468 11.428284
469 11.428284
470 11.428284
471 11.428284
472 11.428284
473 11.428284
474 11.428284
475 11.428284
476 11.428284
477 11.428284
478 11.428284
479 11.428284
480 11.428284
481 11.428284
482 11.428284
483 11.428284
484 11.428284
485 11.428284
486 11.428284
487 11.428284
488 11.428284
489 11.428284
490 11.428284
491 11.428284
492 11.428284
493 11.428284
494 11.428284
495 11.428284
496 11.428284
497 11.428284
498 11.428284
499 11.428284
500 11.428284
501 11.428284
502 11.428284
503 11.428284
504 11.428284
505 11.428284
506 11.428284
507 11.428284
508 11.428284
509 11.428284
510 11.428284
511 11.428284
512 11.428284
513 11.428284
514 11.428284
515 11.428284
516 11.428284
517 11.428284
518 11.428284
519 11.428284
520 11.428284
521 11.428284
522 11.428284
523 11.428284
524 11.428284
525 11.428284
526 11.428284
527 11.428284
528 11.428284
529 11.428284
530 11.428284
531 11.428284
532 11.428284
533 11.428284
534 11.428284
535 11.428284
536 11.428284
537 11.428284
538 11.428284
539 11.428284
540 11.428284
541 11.428284
542 11.428284
543 11.428284
544 11.428284
545 11.428284
546 11.428284
547 11.428284
548 11.428284
549 11.428284
550 11.428284
551 11.428284
552 11.428284
553 11.428284
554 11.428284
555 11.428284
556 11.428284
557 11.428284
558 11.428284
559 11.428284
560 11.428284
561 11.428284
562 11.428284
563 11.428284
564 11.428284
565 11.428284
566 11.428284
567 11.428284
568 11.428284
569 11.428284
570 11.428284
571 11.428284
572 11.428284
573 11.428284
574 11.428284
575 11.428284
576 11.428284
577 11.428284
578 11.428284
579 11.428284
580 11.428284
581 11.428284
582 11.428284
583 11.428284
584 11.428284
585 11.428284
586 11.428284
587 11.428284
588 11.428284
589 11.428284
590 11.428284
591 11.428284
592 11.428284
593 11.428284
594 11.428284
595 11.428284
596 11.428284
597 11.428284
598 11.428284
599 11.428284
600 11.428284
601 11.428284
602 11.428284
603 11.428284
604 11.428284
605 11.428284
606 11.428284
607 11.428284
608 11.428284
609 11.428284
610 11.428284
611 11.428284
612 11.428284
613 11.428284
614 11.428284
615 11.428284
616 11.428284
617 11.428284
618 11.428284
619 11.428284
620 11.428284
621 11.428284
622 11.428284
623 11.428284
624 11.428284
625 11.428284
626 11.428284
627 11.428284
628 11.428284
629 11.428284
630 11.428284
631 11.428284
632 11.428284
633 11.428284
634 11.428284
635 11.428284
636 11.428284
637 11.428284
638 11.428284
639 11.428284
640 11.428284
641 11.428284
642 11.428284
643 11.428284
644 11.428284
645 11.428284
646 11.428284
647 11.428284
648 11.428284
649 11.428284
650 11.428284
651 11.428284
652 11.428284
653 11.428284
654 11.428284
655 11.428284
656 11.428284
657 11.428284
658 11.428284
659 11.428284
660 11.428284
661 11.428284
662 11.428284
663 11.428284
664 11.428284
665 11.428284
666 11.428284
667 11.428284
668 11.428284
669 11.428284
670 11.428284
671 11.428284
672 11.428284
673 11.428284
674 11.428284
675 11.428284
676 11.428284
677 11.428284
678 11.428284
679 11.428284
680 11.428284
681 11.428284
682 11.428284
683 11.428284
684 11.428284
685 11.428284
686 11.428284
687 11.428284
688 11.428284
689 11.428284
690 11.428284
691 11.428284
692 11.428284
693 11.428284
694 11.428284
695 11.428284
696 11.428284
697 11.428284
698 11.428284
699 11.428284
700 11.428284
701 11.428284
702 11.428284
703 11.428284
704 11.428284
705 11.428284
706 11.428284
707 11.428284
708 11.428284
709 11.428284
710 11.428284
711 11.428284
712 11.428284
713 11.428284
714 11.428284
715 11.428284
716 11.428284
717 11.428284
718 11.428284
719 11.428284
720 11.428284
721 11.428284
722 11.428284
723 11.428284
724 11.428284
725 11.428284
726 11.428284
727 11.428284
728 11.428284
729 11.428284
730 11.428284
731 11.428284
732 11.428284
733 11.428284
734 11.428284
735 11.428284
736 11.428284
737 11.428284
738 11.428284
739 11.428284
740 11.428284
741 11.428284
742 11.428284
743 11.428284
744 11.428284
745 11.428284
746 11.428284
747 11.428284
748 11.428284
749 11.428284
750 11.428284
751 11.428284
752 11.428284
753 11.428284
754 11.428284
755 11.428284
756 11.428284
757 11.428284
758 11.428284
759 11.428284
760 11.428284
761 11.428284
762 11.428284
763 11.428284
764 11.428284
765 11.428284
766 11.428284
767 11.428284
768 11.428284
769 11.428284
770 11.428284
771 11.428284
772 11.428284
773 11.428284
774 11.428284
775 11.428284
776 11.428284
777 11.428284
778 11.428284
779 11.428284
780 11.428284
781 11.428284
782 11.428284
783 11.428284
784 11.428284
785 11.428284
786 11.428284
787 11.428284
788 11.428284
789 11.428284
790 11.428284
791 11.428284
792 11.428284
793 11.428284
794 11.428284
795 11.428284
796 11.428284
797 11.428284
798 11.428284
799 11.428284
800 11.428284
801 11.428284
802 11.428284
803 11.428284
804 11.428284
805 11.428284
806 11.428284
807 11.428284
808 11.428284
809 11.428284
810 11.428284
811 11.428284
812 11.428284
813 11.428284
814 11.428284
815 11.428284
816 11.428284
817 11.428284
818 11.428284
819 11.428284
820 11.428284
821 11.428284
822 11.428284
823 11.428284
824 11.428284
825 11.428284
826 11.428284
827 11.428284
828 11.428284
829 11.428284
830 11.428284
831 11.428284
832 11.428284
833 11.428284
834 11.428284
835 11.428284
836 11.428284
837 11.428284
838 11.428284
839 11.428284
840 11.428284
841 11.428284
842 11.428284
843 11.428284
844 11.428284
845 11.428284
846 11.428284
847 11.428284
848 11.428284
849 11.428284
850 11.428284
851 11.428284
852 11.428284
853 11.428284
854 11.428284
855 11.428284
856 11.428284
857 11.428284
858 11.428284
859 11.428284
860 11.428284
861 11.428284
862 11.428284
863 11.428284
864 11.428284
865 11.428284
866 11.428284
867 11.428284
868 11.428284
869 11.428284
870 11.428284
871 11.428284
872 11.428284
873 11.428284
874 11.428284
875 11.428284
876 11.428284
877 11.428284
878 11.428284
879 11.428284
880 11.428284
881 11.428284
882 11.428284
883 11.428284
884 11.428284
885 11.428284
886 11.428284
887 11.428284
888 11.428284
889 11.428284
890 11.428284
891 11.428284
892 11.428284
893 11.428284
894 11.428284
895 11.428284
896 11.428284
897 11.428284
898 11.428284
899 11.428284
900 11.428284
901 11.428284
902 11.428284
903 11.428284
904 11.428284
905 11.428284
906 11.428284
907 11.428284
908 11.428284
909 11.428284
910 11.428284
911 11.428284
912 11.428284
913 11.428284
914 11.428284
915 11.428284
916 11.428284
917 11.428284
918 11.428284
919 11.428284
920 11.428284
921 11.428284
922 11.428284
923 11.428284
924 11.428284
925 11.428284
926 11.428284
927 11.428284
928 11.428284
929 11.428284
930 11.428284
931 11.428284
932 11.428284
933 11.428284
934 11.428284
935 11.428284
936 11.428284
937 11.428284
938 11.428284
939 11.428284
940 11.428284
941 11.428284
942 11.428284
943 11.428284
944 11.428284
945 11.428284
946 11.428284
947 11.428284
948 11.428284
949 11.428284
950 11.428284
951 11.428284
952 11.428284
953 11.428284
954 11.428284
955 11.428284
956 11.428284
957 11.428284
958 11.428284
959 11.428284
960 11.428284
961 11.428284
962 11.428284
963 11.428284
964 11.428284
965 11.428284
966 11.428284
967 11.428284
968 11.428284
969 11.428284
970 11.428284
971 11.428284
972 11.428284
973 11.428284
974 11.428284
975 11.428284
976 11.428284
977 11.428284
978 11.428284
979 11.428284
980 11.428284
981 11.428284
982 11.428284
983 11.428284
984 11.428284
985 11.428284
986 11.428284
987 11.428284
988 11.428284
989 11.428284
990 11.428284
991 11.428284
992 11.428284
993 11.428284
994 11.428284
995 11.428284
996 11.428284
997 11.428284
998 11.428284
999 11.428284
[-0.77724437  0.69906572 -0.22002573 -0.13842927  0.58363547 -0.41919669]
[11.428284]
