[14:52:04] WARNING: /workspace/src/objective/regression_obj.cu:152: reg:linear is now deprecated in favor of reg:squarederror.
0 13.237634
1 13.237634
2 13.649644
3 13.669059
4 13.669549
5 13.675025
6 13.724115
7 13.724115
8 13.724115
9 13.733452
10 13.733452
11 13.733452
12 13.733452
13 13.902769
14 13.902769
15 13.902769
16 13.902769
17 13.902769
18 13.902769
19 13.902769
20 13.902769
21 13.902769
22 13.902769
23 13.902769
24 13.902769
25 13.902769
26 13.902769
27 13.902769
28 13.902769
29 13.902769
30 13.902769
31 13.902769
32 13.902769
33 13.902769
34 13.902769
35 13.902769
36 13.902769
37 13.902769
38 13.902769
39 13.902769
40 13.902769
41 13.902769
42 13.902769
43 13.902769
44 13.902769
45 13.902769
46 13.902769
47 13.902769
48 13.902769
49 13.902769
50 13.902769
51 13.902769
52 13.902769
53 13.902769
54 13.902769
55 13.902769
56 13.902769
57 13.902769
58 13.902769
59 13.902769
60 13.902769
61 13.902769
62 13.902769
63 13.902769
64 13.902769
65 13.902769
66 13.902769
67 13.902769
68 13.902769
69 13.902769
70 13.902769
71 13.902769
72 13.902769
73 13.902769
74 13.902769
75 13.902769
76 13.902769
77 13.902769
78 13.902769
79 13.902769
80 13.902769
81 13.902769
82 13.902769
83 13.902769
84 13.902769
85 13.902769
86 13.902769
87 13.902769
88 13.902769
89 13.902769
90 13.902769
91 13.902769
92 13.902769
93 13.902769
94 13.902769
95 13.902769
96 13.902769
97 13.902769
98 13.902769
99 13.902769
100 13.902769
101 13.902769
102 13.902769
103 13.902769
104 13.902769
105 13.902769
106 13.902769
107 13.902769
108 13.902769
109 13.902769
110 13.902769
111 13.902769
112 13.902769
113 13.902769
114 13.902769
115 13.902769
116 13.902769
117 13.902769
118 13.902769
119 13.902769
120 13.902769
121 13.902769
122 13.902769
123 13.902769
124 13.902769
125 13.902769
126 13.902769
127 13.902769
128 13.902769
129 13.902769
130 13.902769
131 13.902769
132 13.902769
133 13.902769
134 13.902769
135 13.902769
136 13.911449
137 13.911449
138 13.911449
139 13.911449
140 13.911449
141 13.911449
142 13.911449
143 13.911449
144 13.911449
145 13.911449
146 13.911449
147 13.911449
148 13.911449
149 13.911449
150 13.911449
151 13.911449
152 13.911449
153 13.911449
154 13.911449
155 13.911449
156 13.911449
157 13.911449
158 13.911449
159 13.911449
160 13.911449
161 13.922161
162 13.922161
163 13.922161
164 13.922161
165 13.922161
166 13.922161
167 13.922161
168 13.922161
169 13.922161
170 13.922161
171 13.922161
172 13.922161
173 13.922161
174 13.922161
175 13.922161
176 13.922161
177 13.922161
178 13.922161
179 13.922161
180 13.922161
181 13.922161
182 13.922161
183 13.922161
184 13.922161
185 13.922161
186 13.922161
187 13.922161
188 13.922161
189 13.922161
190 13.922161
191 13.922161
192 13.922161
193 13.922161
194 13.922161
195 13.922161
196 13.922161
197 13.922161
198 13.922161
199 13.922161
200 13.922161
201 13.922237
202 13.922237
203 13.922237
204 13.922237
205 13.922237
206 13.922237
207 13.922237
208 13.922237
209 13.922237
210 13.922237
211 13.922237
212 13.922237
213 13.922237
214 13.922237
215 13.922237
216 13.922237
217 13.922237
218 13.922237
219 13.922237
220 13.922237
221 13.922237
222 13.922237
223 13.922237
224 13.922237
225 13.922237
226 13.922237
227 13.922237
228 13.922237
229 13.922237
230 13.922237
231 13.922237
232 13.922237
233 13.922237
234 13.922237
235 13.922237
236 13.922476
237 13.922476
238 13.922476
239 13.922476
240 13.922476
241 13.922476
242 13.922476
243 13.922476
244 13.922476
245 13.922476
246 13.922476
247 13.922476
248 13.924475
249 13.924475
250 13.924475
251 13.924475
252 13.924475
253 13.924475
254 13.924475
255 13.924475
256 13.924475
257 13.924475
258 13.924475
259 13.924475
260 13.924475
261 13.924475
262 13.924475
263 13.924475
264 13.924475
265 13.924475
266 13.924475
267 13.924475
268 13.924475
269 13.924475
270 13.924475
271 13.924475
272 13.924475
273 13.924475
274 13.924475
275 13.924475
276 13.924475
277 13.924475
278 13.924475
279 13.924475
280 13.924475
281 13.924475
282 13.924475
283 13.924475
284 13.924475
285 13.924475
286 13.924475
287 13.924475
288 13.924475
289 13.924475
290 13.924475
291 13.924475
292 13.924475
293 13.924475
294 13.924475
295 13.924475
296 13.924475
297 13.924475
298 13.924475
299 13.924475
300 13.924475
301 13.924475
302 13.924475
303 13.924475
304 13.924475
305 13.924475
306 13.924475
307 13.924475
308 13.924475
309 13.924475
310 13.924475
311 13.924475
312 13.924475
313 13.924475
314 13.924475
315 13.924475
316 13.924475
317 13.924475
318 13.924475
319 13.924475
320 13.924475
321 13.924475
322 13.924475
323 13.924475
324 13.924475
325 13.924475
326 13.924475
327 13.924475
328 13.924475
329 13.924475
330 13.924475
331 13.924475
332 13.924475
333 13.924475
334 13.924475
335 13.924475
336 13.924475
337 13.924475
338 13.924475
339 13.924475
340 13.924475
341 13.924475
342 13.924475
343 13.924475
344 13.924475
345 13.924475
346 13.924475
347 13.924475
348 13.924475
349 13.924475
350 13.924475
351 13.924475
352 13.924475
353 13.924475
354 13.924475
355 13.924475
356 13.924475
357 13.924475
358 13.924475
359 13.924475
360 13.924475
361 13.924475
362 13.924475
363 13.924475
364 13.924475
365 13.924475
366 13.924475
367 13.924475
368 13.924475
369 13.924475
370 13.924475
371 13.924475
372 13.924475
373 13.924475
374 13.924475
375 13.924475
376 13.924475
377 13.924475
378 13.924475
379 13.924475
380 13.924475
381 13.924475
382 13.924475
383 13.924475
384 13.924475
385 13.924475
386 13.924475
387 13.924475
388 13.924475
389 13.924475
390 13.924475
391 13.924475
392 13.924475
393 13.924475
394 13.924475
395 13.924475
396 13.924475
397 13.924475
398 13.924475
399 13.924475
400 13.924475
401 13.924475
402 13.924475
403 13.924475
404 13.924475
405 13.924475
406 13.924475
407 13.924475
408 13.924475
409 13.924475
410 13.924475
411 13.924475
412 13.924475
413 13.924475
414 13.924475
415 13.924475
416 13.924475
417 13.924475
418 13.924475
419 13.924475
420 13.924475
421 13.924475
422 13.924475
423 13.924475
424 13.924475
425 13.924475
426 13.924475
427 13.924475
428 13.924475
429 13.924475
430 13.924475
431 13.924475
432 13.924475
433 13.924475
434 13.924475
435 13.924475
436 13.924475
437 13.924475
438 13.924475
439 13.924475
440 13.924475
441 13.924475
442 13.924475
443 13.924475
444 13.924475
445 13.924475
446 13.924475
447 13.924475
448 13.924475
449 13.924475
450 13.924475
451 13.924475
452 13.924475
453 13.924475
454 13.924475
455 13.924475
456 13.924475
457 13.924475
458 13.924475
459 13.924475
460 13.924475
461 13.924475
462 13.924475
463 13.924475
464 13.924475
465 13.924475
466 13.924475
467 13.924475
468 13.924475
469 13.924475
470 13.924475
471 13.924475
472 13.924475
473 13.924475
474 13.924475
475 13.924475
476 13.924475
477 13.924475
478 13.924475
479 13.924475
480 13.924475
481 13.924475
482 13.924475
483 13.924475
484 13.924475
485 13.924475
486 13.924475
487 13.924475
488 13.924475
489 13.924475
490 13.924475
491 13.924475
492 13.924475
493 13.924475
494 13.924475
495 13.924475
496 13.924475
497 13.924475
498 13.924475
499 13.924475
500 13.924475
501 13.924475
502 13.924475
503 13.924475
504 13.924475
505 13.924475
506 13.924475
507 13.924475
508 13.924475
509 13.924475
510 13.924475
511 13.924475
512 13.924475
513 13.924475
514 13.924475
515 13.924475
516 13.924475
517 13.924475
518 13.924475
519 13.924475
520 13.924475
521 13.924475
522 13.924475
523 13.924475
524 13.924475
525 13.924475
526 13.924475
527 13.924475
528 13.924475
529 13.924475
530 13.924475
531 13.924475
532 13.924475
533 13.924475
534 13.924475
535 13.924475
536 13.924475
537 13.924475
538 13.924475
539 13.924475
540 13.924475
541 13.924475
542 13.924475
543 13.924475
544 13.924475
545 13.924475
546 13.924475
547 13.924475
548 13.924475
549 13.924475
550 13.924475
551 13.924475
552 13.924475
553 13.924475
554 13.924475
555 13.924475
556 13.924475
557 13.924475
558 13.924475
559 13.924475
560 13.924475
561 13.924475
562 13.924475
563 13.924475
564 13.924475
565 13.924475
566 13.924475
567 13.924475
568 13.924475
569 13.924475
570 13.924475
571 13.924475
572 13.924475
573 13.924475
574 13.924475
575 13.924475
576 13.924475
577 13.924475
578 13.924475
579 13.924475
580 13.924475
581 13.924475
582 13.924475
583 13.924475
584 13.924475
585 13.924475
586 13.924475
587 13.924475
588 13.924475
589 13.924475
590 13.924475
591 13.924475
592 13.924475
593 13.924475
594 13.924475
595 13.924475
596 13.924475
597 13.924475
598 13.924475
599 13.924475
600 13.924475
601 13.924475
602 13.924475
603 13.924475
604 13.924475
605 13.924475
606 13.924475
607 13.924475
608 13.924475
609 13.924475
610 13.924475
611 13.924475
612 13.924475
613 13.924475
614 13.924475
615 13.924475
616 13.924475
617 13.924475
618 13.924475
619 13.924475
620 13.924475
621 13.924475
622 13.924475
623 13.924475
624 13.924475
625 13.924475
626 13.924475
627 13.924475
628 13.924475
629 13.924475
630 13.924475
631 13.924475
632 13.924475
633 13.924475
634 13.924475
635 13.924475
636 13.924475
637 13.924475
638 13.924475
639 13.924475
640 13.924475
641 13.924475
642 13.924475
643 13.924475
644 13.924475
645 13.924475
646 13.924475
647 13.924475
648 13.924475
649 13.924475
650 13.924475
651 13.924475
652 13.924475
653 13.924475
654 13.924475
655 13.924475
656 13.924475
657 13.924475
658 13.924475
659 13.924475
660 13.924475
661 13.924475
662 13.924475
663 13.924475
664 13.924475
665 13.924475
666 13.924475
667 13.924475
668 13.924475
669 13.924475
670 13.924475
671 13.924475
672 13.924475
673 13.924475
674 13.924475
675 13.924475
676 13.924475
677 13.924475
678 13.924475
679 13.924475
680 13.924475
681 13.924475
682 13.924475
683 13.924475
684 13.924475
685 13.924475
686 13.924475
687 13.924475
688 13.924475
689 13.924475
690 13.924475
691 13.924475
692 13.924475
693 13.924475
694 13.924475
695 13.924475
696 13.924475
697 13.924475
698 13.924475
699 13.924475
700 13.924475
701 13.924475
702 13.924475
703 13.924475
704 13.924475
705 13.924475
706 13.924475
707 13.924475
708 13.924475
709 13.924475
710 13.924475
711 13.924475
712 13.924475
713 13.924475
714 13.924475
715 13.924475
716 13.924475
717 13.924475
718 13.924475
719 13.924475
720 13.924475
721 13.924475
722 13.924475
723 13.924475
724 13.924475
725 13.924475
726 13.924475
727 13.924475
728 13.924475
729 13.924475
730 13.924475
731 13.924475
732 13.924475
733 13.924475
734 13.924475
735 13.924475
736 13.924475
737 13.924475
738 13.924475
739 13.924475
740 13.924475
741 13.924475
742 13.924475
743 13.924475
744 13.924475
745 13.924475
746 13.924475
747 13.924475
748 13.924475
749 13.924475
750 13.924475
751 13.924475
752 13.924475
753 13.924475
754 13.924475
755 13.924475
756 13.924475
757 13.924475
758 13.924475
759 13.924475
760 13.924475
761 13.924475
762 13.924475
763 13.924475
764 13.924475
765 13.924475
766 13.924475
767 13.924475
768 13.924475
769 13.924475
770 13.924475
771 13.924475
772 13.924475
773 13.924475
774 13.924475
775 13.924475
776 13.924475
777 13.924475
778 13.924475
779 13.924475
780 13.924475
781 13.924475
782 13.924475
783 13.924475
784 13.924475
785 13.924475
786 13.924475
787 13.924475
788 13.924475
789 13.924475
790 13.924475
791 13.924475
792 13.924475
793 13.924475
794 13.924475
795 13.924475
796 13.924475
797 13.924475
798 13.924475
799 13.924475
800 13.924475
801 13.924475
802 13.924475
803 13.924475
804 13.924475
805 13.924475
806 13.924475
807 13.924475
808 13.924475
809 13.924475
810 13.924475
811 13.924475
812 13.924475
813 13.924475
814 13.924475
815 13.924475
816 13.924475
817 13.924475
818 13.924475
819 13.924475
820 13.924475
821 13.924475
822 13.924475
823 13.924475
824 13.924475
825 13.924475
826 13.924475
827 13.924475
828 13.924475
829 13.924475
830 13.924475
831 13.924475
832 13.924475
833 13.924475
834 13.924475
835 13.924475
836 13.924475
837 13.924475
838 13.924475
839 13.924475
840 13.924475
841 13.924475
842 13.924475
843 13.924475
844 13.924475
845 13.924475
846 13.924475
847 13.924475
848 13.924475
849 13.924475
850 13.924475
851 13.924475
852 13.924475
853 13.924475
854 13.924475
855 13.924475
856 13.924475
857 13.924475
858 13.924475
859 13.924475
860 13.924475
861 13.924475
862 13.924475
863 13.924475
864 13.924475
865 13.924475
866 13.924475
867 13.924475
868 13.924475
869 13.924475
870 13.924475
871 13.924475
872 13.924475
873 13.924475
874 13.924475
875 13.924475
876 13.924475
877 13.924475
878 13.924475
879 13.924475
880 13.924475
881 13.924475
882 13.924475
883 13.924475
884 13.924475
885 13.924475
886 13.924475
887 13.924475
888 13.924475
889 13.924475
890 13.924475
891 13.924475
892 13.924475
893 13.924475
894 13.924475
895 13.924475
896 13.924475
897 13.924475
898 13.924475
899 13.924475
900 13.924475
901 13.924475
902 13.924475
903 13.924475
904 13.924475
905 13.924475
906 13.924475
907 13.924475
908 13.924475
909 13.924475
910 13.924475
911 13.924475
912 13.924475
913 13.924475
914 13.924475
915 13.924475
916 13.924475
917 13.924475
918 13.924475
919 13.924475
920 13.924475
921 13.924475
922 13.924475
923 13.924475
924 13.924475
925 13.924475
926 13.924475
927 13.924475
928 13.924475
929 13.924475
930 13.924475
931 13.924475
932 13.924475
933 13.924475
934 13.924475
935 13.924475
936 13.924475
937 13.924475
938 13.924475
939 13.924475
940 13.924475
941 13.924475
942 13.924475
943 13.924475
944 13.924475
945 13.924475
946 13.924475
947 13.924475
948 13.924475
949 13.924475
950 13.924475
951 13.924475
952 13.924475
953 13.924475
954 13.924475
955 13.924475
956 13.924475
957 13.924475
958 13.924475
959 13.924475
960 13.924475
961 13.924475
962 13.924475
963 13.924475
964 13.924475
965 13.924475
966 13.924475
967 13.924475
968 13.924475
969 13.924475
970 13.924475
971 13.924475
972 13.924475
973 13.924475
974 13.924475
975 13.924475
976 13.924475
977 13.924475
978 13.924475
979 13.924475
980 13.924475
981 13.924475
982 13.924475
983 13.924475
984 13.924475
985 13.924475
986 13.924475
987 13.924475
988 13.924475
989 13.924475
990 13.924475
991 13.924475
992 13.924475
993 13.924475
994 13.924475
995 13.924475
996 13.924475
997 13.924475
998 13.924475
999 13.924475
[-0.75709995  0.84764323 -0.8049136  -0.67950438  0.80835246 -0.28534147]
[13.924475]
