[14:56:53] WARNING: /workspace/src/objective/regression_obj.cu:152: reg:linear is now deprecated in favor of reg:squarederror.
0 14.903197
1 16.269363
2 16.457245
3 16.784554
4 17.027191
5 17.027191
6 17.027191
7 17.027191
8 17.027191
9 17.027191
10 17.027191
11 17.027191
12 17.027191
13 17.027191
14 17.027191
15 17.027191
16 17.027191
17 17.027191
18 17.027191
19 17.027191
20 17.027191
21 17.027191
22 17.027191
23 17.027191
24 17.027191
25 17.027191
26 17.027191
27 17.027191
28 17.027191
29 17.027191
30 17.027191
31 17.027191
32 17.027191
33 17.027191
34 17.027191
35 17.027191
36 17.027191
37 17.027191
38 17.027191
39 17.027191
40 17.027191
41 17.027191
42 17.027191
43 17.027191
44 17.027191
45 17.027191
46 17.027191
47 17.027191
48 17.027191
49 17.027191
50 17.027191
51 17.027191
52 17.027191
53 17.027191
54 17.027191
55 17.027191
56 17.027191
57 17.027191
58 17.027191
59 17.027191
60 17.027191
61 17.027191
62 17.027191
63 17.027191
64 17.027191
65 17.027191
66 17.027191
67 17.027191
68 17.027191
69 17.027191
70 17.027191
71 17.027191
72 17.027191
73 17.027191
74 17.027191
75 17.027191
76 17.027191
77 17.027191
78 17.027191
79 17.027191
80 17.027191
81 17.027191
82 17.027191
83 17.027191
84 17.027191
85 17.027191
86 17.027191
87 17.027191
88 17.027191
89 17.027191
90 17.027191
91 17.027191
92 17.027191
93 17.027191
94 17.027191
95 17.027191
96 17.027191
97 17.027191
98 17.027191
99 17.027191
100 17.027191
101 17.027191
102 17.027191
103 17.027191
104 17.027191
105 17.027191
106 17.027191
107 17.027191
108 17.027191
109 17.027191
110 17.027191
111 17.027191
112 17.027191
113 17.027191
114 17.027191
115 17.027191
116 17.027191
117 17.027191
118 17.027191
119 17.027191
120 17.027191
121 17.027191
122 17.027191
123 17.027191
124 17.027191
125 17.027191
126 17.027191
127 17.027191
128 17.027191
129 17.027191
130 17.027191
131 17.027191
132 17.027191
133 17.027191
134 17.027191
135 17.027191
136 17.027191
137 17.027191
138 17.027191
139 17.027191
140 17.027191
141 17.027191
142 17.027191
143 17.027191
144 17.027191
145 17.027191
146 17.027191
147 17.027191
148 17.027191
149 17.027191
150 17.027191
151 17.027191
152 17.027191
153 17.027191
154 17.027899
155 17.027899
156 17.027899
157 17.027899
158 17.027899
159 17.027899
160 17.027899
161 17.027899
162 17.027899
163 17.027899
164 17.027899
165 17.027899
166 17.027899
167 17.027899
168 17.027899
169 17.027899
170 17.027899
171 17.027899
172 17.027899
173 17.027899
174 17.027899
175 17.027899
176 17.027899
177 17.027899
178 17.027899
179 17.027899
180 17.027899
181 17.027899
182 17.027899
183 17.027899
184 17.027899
185 17.027899
186 17.027899
187 17.027899
188 17.027899
189 17.027899
190 17.027899
191 17.027899
192 17.027899
193 17.027899
194 17.027899
195 17.027899
196 17.027899
197 17.027899
198 17.027899
199 17.027899
200 17.027899
201 17.027899
202 17.027899
203 17.027899
204 17.027899
205 17.027899
206 17.027899
207 17.027899
208 17.027899
209 17.027899
210 17.027899
211 17.027899
212 17.027899
213 17.027899
214 17.027899
215 17.027899
216 17.027899
217 17.027899
218 17.027899
219 17.027899
220 17.027899
221 17.027899
222 17.027899
223 17.027899
224 17.027899
225 17.027899
226 17.027899
227 17.027899
228 17.027899
229 17.027899
230 17.027899
231 17.027899
232 17.027899
233 17.027899
234 17.027899
235 17.027899
236 17.027899
237 17.027899
238 17.027899
239 17.027899
240 17.027899
241 17.027899
242 17.027899
243 17.027899
244 17.027899
245 17.027899
246 17.027899
247 17.027899
248 17.027899
249 17.027899
250 17.027899
251 17.027899
252 17.027899
253 17.027899
254 17.027899
255 17.027899
256 17.027899
257 17.027899
258 17.027899
259 17.027899
260 17.027899
261 17.027899
262 17.027899
263 17.027899
264 17.027899
265 17.027899
266 17.027899
267 17.027899
268 17.027899
269 17.027899
270 17.027899
271 17.027899
272 17.027899
273 17.027899
274 17.027899
275 17.027899
276 17.027899
277 17.027899
278 17.027899
279 17.027899
280 17.027899
281 17.027899
282 17.027899
283 17.027899
284 17.027899
285 17.027899
286 17.027899
287 17.027899
288 17.027899
289 17.027899
290 17.027899
291 17.027899
292 17.027899
293 17.027899
294 17.027899
295 17.027899
296 17.027899
297 17.027899
298 17.027899
299 17.027899
300 17.027899
301 17.027899
302 17.027899
303 17.027899
304 17.027899
305 17.027899
306 17.027899
307 17.027899
308 17.027899
309 17.027899
310 17.027899
311 17.027899
312 17.027899
313 17.027899
314 17.027899
315 17.027899
316 17.027899
317 17.027899
318 17.027899
319 17.027899
320 17.027899
321 17.027899
322 17.027899
323 17.027899
324 17.027899
325 17.027899
326 17.027899
327 17.027899
328 17.027899
329 17.027899
330 17.027899
331 17.027899
332 17.027899
333 17.027899
334 17.027899
335 17.027899
336 17.027899
337 17.027899
338 17.027899
339 17.027899
340 17.027899
341 17.027899
342 17.027899
343 17.027899
344 17.027899
345 17.027899
346 17.027899
347 17.027899
348 17.027899
349 17.027899
350 17.027899
351 17.027899
352 17.027899
353 17.027899
354 17.027899
355 17.027899
356 17.027899
357 17.027899
358 17.027899
359 17.027899
360 17.027899
361 17.027899
362 17.027899
363 17.027899
364 17.027899
365 17.027899
366 17.027899
367 17.027899
368 17.027899
369 17.027899
370 17.027899
371 17.027899
372 17.027899
373 17.027899
374 17.027899
375 17.027899
376 17.027899
377 17.027899
378 17.027899
379 17.027899
380 17.027899
381 17.027899
382 17.027899
383 17.027899
384 17.027899
385 17.027899
386 17.027899
387 17.027899
388 17.027899
389 17.027899
390 17.027899
391 17.027899
392 17.027899
393 17.027899
394 17.027899
395 17.027899
396 17.027899
397 17.027899
398 17.027899
399 17.027899
400 17.027899
401 17.027899
402 17.027899
403 17.027899
404 17.027899
405 17.027899
406 17.027899
407 17.027899
408 17.027899
409 17.027899
410 17.027899
411 17.027899
412 17.027899
413 17.027899
414 17.027899
415 17.027899
416 17.027899
417 17.027899
418 17.027899
419 17.027899
420 17.027899
421 17.027899
422 17.027899
423 17.027899
424 17.027899
425 17.027899
426 17.027899
427 17.027899
428 17.027899
429 17.027899
430 17.027899
431 17.027899
432 17.027899
433 17.027899
434 17.027899
435 17.027899
436 17.027899
437 17.027899
438 17.027899
439 17.027899
440 17.027899
441 17.027899
442 17.027899
443 17.027899
444 17.027899
445 17.027899
446 17.027899
447 17.027899
448 17.027899
449 17.027899
450 17.027899
451 17.027899
452 17.027899
453 17.027899
454 17.027899
455 17.027899
456 17.027899
457 17.027899
458 17.027899
459 17.027899
460 17.027899
461 17.027899
462 17.027899
463 17.027899
464 17.027899
465 17.027899
466 17.027899
467 17.027899
468 17.027899
469 17.027899
470 17.027899
471 17.027899
472 17.027899
473 17.027899
474 17.027899
475 17.027899
476 17.027899
477 17.027899
478 17.027899
479 17.027899
480 17.027899
481 17.027899
482 17.027899
483 17.027899
484 17.027899
485 17.027899
486 17.027899
487 17.027899
488 17.027899
489 17.027899
490 17.027899
491 17.027899
492 17.027899
493 17.027899
494 17.027899
495 17.027899
496 17.027899
497 17.027899
498 17.027899
499 17.027899
500 17.027899
501 17.027899
502 17.027899
503 17.027899
504 17.027899
505 17.027899
506 17.027899
507 17.027899
508 17.027899
509 17.027899
510 17.027899
511 17.027899
512 17.027899
513 17.027899
514 17.027899
515 17.027899
516 17.027899
517 17.027899
518 17.027899
519 17.027899
520 17.027899
521 17.027899
522 17.027899
523 17.027899
524 17.027899
525 17.027899
526 17.027899
527 17.027899
528 17.027899
529 17.027899
530 17.027899
531 17.027899
532 17.027899
533 17.027899
534 17.027899
535 17.027899
536 17.027899
537 17.027899
538 17.027899
539 17.027899
540 17.027899
541 17.027899
542 17.027899
543 17.027899
544 17.027899
545 17.027899
546 17.027899
547 17.027899
548 17.027899
549 17.027899
550 17.027899
551 17.027899
552 17.027899
553 17.027899
554 17.027899
555 17.027899
556 17.027899
557 17.027899
558 17.027899
559 17.027899
560 17.027899
561 17.027899
562 17.027899
563 17.027899
564 17.027899
565 17.027899
566 17.027899
567 17.027899
568 17.027899
569 17.027899
570 17.027899
571 17.027899
572 17.027899
573 17.027899
574 17.027899
575 17.027899
576 17.027899
577 17.027899
578 17.027899
579 17.027899
580 17.027899
581 17.027899
582 17.027899
583 17.027899
584 17.027899
585 17.027899
586 17.027899
587 17.027899
588 17.027899
589 17.027899
590 17.027899
591 17.027899
592 17.027899
593 17.027899
594 17.027899
595 17.027899
596 17.027899
597 17.027899
598 17.027899
599 17.027899
600 17.027899
601 17.027899
602 17.027899
603 17.027899
604 17.027899
605 17.027899
606 17.027899
607 17.027899
608 17.027899
609 17.027899
610 17.027899
611 17.027899
612 17.027899
613 17.027899
614 17.027899
615 17.027899
616 17.027899
617 17.027899
618 17.027899
619 17.027899
620 17.027899
621 17.027899
622 17.027899
623 17.027899
624 17.027899
625 17.027899
626 17.027899
627 17.027899
628 17.027899
629 17.027899
630 17.027899
631 17.027899
632 17.027899
633 17.027899
634 17.027899
635 17.027899
636 17.027899
637 17.027899
638 17.027899
639 17.027899
640 17.027899
641 17.027899
642 17.027899
643 17.027899
644 17.027899
645 17.027899
646 17.027899
647 17.027899
648 17.027899
649 17.027899
650 17.027899
651 17.027899
652 17.027899
653 17.027899
654 17.027899
655 17.027899
656 17.027899
657 17.027899
658 17.027899
659 17.027899
660 17.027899
661 17.027899
662 17.027899
663 17.027899
664 17.027899
665 17.027899
666 17.027899
667 17.027899
668 17.027899
669 17.027899
670 17.027899
671 17.027899
672 17.027899
673 17.027899
674 17.027899
675 17.027899
676 17.027899
677 17.027899
678 17.027899
679 17.027899
680 17.027899
681 17.027899
682 17.027899
683 17.027899
684 17.027899
685 17.027899
686 17.027899
687 17.027899
688 17.027899
689 17.027899
690 17.027899
691 17.027899
692 17.027899
693 17.027899
694 17.027899
695 17.027899
696 17.027899
697 17.027899
698 17.027899
699 17.027899
700 17.027899
701 17.027899
702 17.027899
703 17.027899
704 17.027899
705 17.027899
706 17.027899
707 17.027899
708 17.027899
709 17.027899
710 17.027899
711 17.027899
712 17.027899
713 17.027899
714 17.027899
715 17.027899
716 17.027899
717 17.027899
718 17.027899
719 17.027899
720 17.027899
721 17.027899
722 17.027899
723 17.027899
724 17.027899
725 17.027899
726 17.027899
727 17.027899
728 17.027899
729 17.027899
730 17.027899
731 17.027899
732 17.027899
733 17.027899
734 17.027899
735 17.027899
736 17.027899
737 17.027899
738 17.027899
739 17.027899
740 17.027899
741 17.027899
742 17.027899
743 17.027899
744 17.027899
745 17.027899
746 17.027899
747 17.027899
748 17.027899
749 17.027899
750 17.027899
751 17.027899
752 17.027899
753 17.027899
754 17.027899
755 17.027899
756 17.027899
757 17.027899
758 17.027899
759 17.027899
760 17.027899
761 17.027899
762 17.027899
763 17.027899
764 17.027899
765 17.027899
766 17.027899
767 17.027899
768 17.027899
769 17.027899
770 17.027899
771 17.027899
772 17.027899
773 17.027899
774 17.027899
775 17.027899
776 17.027899
777 17.027899
778 17.027899
779 17.027899
780 17.027899
781 17.027899
782 17.027899
783 17.027899
784 17.027899
785 17.027899
786 17.027899
787 17.027899
788 17.027899
789 17.027899
790 17.027899
791 17.027899
792 17.027899
793 17.027899
794 17.027899
795 17.027899
796 17.027899
797 17.027899
798 17.027899
799 17.027899
800 17.027899
801 17.027899
802 17.027899
803 17.027899
804 17.027899
805 17.027899
806 17.027899
807 17.027899
808 17.027899
809 17.027899
810 17.027899
811 17.027899
812 17.027899
813 17.027899
814 17.027899
815 17.027899
816 17.027899
817 17.027899
818 17.027899
819 17.027899
820 17.027899
821 17.027899
822 17.027899
823 17.027899
824 17.027899
825 17.027899
826 17.027899
827 17.027899
828 17.027899
829 17.027899
830 17.027899
831 17.027899
832 17.027899
833 17.027899
834 17.027899
835 17.027899
836 17.027899
837 17.027899
838 17.027899
839 17.027899
840 17.027899
841 17.027899
842 17.027899
843 17.027899
844 17.027899
845 17.027899
846 17.027899
847 17.027899
848 17.027899
849 17.027899
850 17.027899
851 17.027899
852 17.027899
853 17.027899
854 17.027899
855 17.027899
856 17.027899
857 17.027899
858 17.027899
859 17.027899
860 17.027899
861 17.027899
862 17.027899
863 17.027899
864 17.027899
865 17.027899
866 17.027899
867 17.027899
868 17.027899
869 17.027899
870 17.027899
871 17.027899
872 17.027899
873 17.027899
874 17.027899
875 17.027899
876 17.027899
877 17.027899
878 17.027899
879 17.027899
880 17.027899
881 17.027899
882 17.027899
883 17.027899
884 17.027899
885 17.027899
886 17.027899
887 17.027899
888 17.027899
889 17.027899
890 17.027899
891 17.027899
892 17.027899
893 17.027899
894 17.027899
895 17.027899
896 17.027899
897 17.027899
898 17.027899
899 17.027899
900 17.027899
901 17.027899
902 17.027899
903 17.027899
904 17.027899
905 17.027899
906 17.027899
907 17.027899
908 17.027899
909 17.027899
910 17.027899
911 17.027899
912 17.027899
913 17.027899
914 17.027899
915 17.027899
916 17.027899
917 17.027899
918 17.027899
919 17.027899
920 17.027899
921 17.027899
922 17.027899
923 17.027899
924 17.027899
925 17.027899
926 17.027899
927 17.027899
928 17.027899
929 17.027899
930 17.027899
931 17.027899
932 17.027899
933 17.027899
934 17.027899
935 17.027899
936 17.027899
937 17.027899
938 17.027899
939 17.027899
940 17.027899
941 17.027899
942 17.027899
943 17.027899
944 17.027899
945 17.027899
946 17.027899
947 17.027899
948 17.027899
949 17.027899
950 17.027899
951 17.027899
952 17.027899
953 17.027899
954 17.027899
955 17.027899
956 17.027899
957 17.027899
958 17.027899
959 17.027899
960 17.027899
961 17.027899
962 17.027899
963 17.027899
964 17.027899
965 17.027899
966 17.027899
967 17.027899
968 17.027899
969 17.027899
970 17.027899
971 17.027899
972 17.027899
973 17.027899
974 17.027899
975 17.027899
976 17.027899
977 17.027899
978 17.027899
979 17.027899
980 17.027899
981 17.027899
982 17.027899
983 17.027899
984 17.027899
985 17.027899
986 17.027899
987 17.027899
988 17.027899
989 17.027899
990 17.027899
991 17.027899
992 17.027899
993 17.027899
994 17.027899
995 17.027899
996 17.027899
997 17.027899
998 17.027899
999 17.027899
[-0.60178546  0.83405737 -0.96600083 -0.85179425  0.58578183 -0.30885158]
[17.027899]
