[14:38:53] WARNING: /workspace/src/objective/regression_obj.cu:152: reg:linear is now deprecated in favor of reg:squarederror.
0 6.2447815
1 6.361686
2 6.361686
3 6.361686
4 6.361686
5 6.361686
6 6.361686
7 6.361686
8 6.361686
9 6.361686
10 6.361686
11 6.361686
12 6.363388
13 6.363388
14 6.363388
15 6.363388
16 6.363388
17 6.363388
18 6.363388
19 6.363388
20 6.363388
21 6.363388
22 6.363388
23 6.363388
24 6.363388
25 6.363388
26 6.363388
27 6.363388
28 6.363388
29 6.363388
30 6.363388
31 6.363388
32 6.363388
33 6.363388
34 6.363388
35 6.363388
36 6.363388
37 6.363388
38 6.363388
39 6.363388
40 6.363388
41 6.363388
42 6.363388
43 6.363388
44 6.363388
45 6.363388
46 6.363388
47 6.363388
48 6.363388
49 6.363388
50 6.363388
51 6.363388
52 6.363388
53 6.363388
54 6.363388
55 6.363388
56 6.363388
57 6.363388
58 6.363388
59 6.363388
60 6.363388
61 6.363388
62 6.363388
63 6.363388
64 6.363388
65 6.363388
66 6.363388
67 6.363388
68 6.363388
69 6.363388
70 6.3635817
71 6.3635817
72 6.3635817
73 6.3635817
74 6.3635817
75 6.3635817
76 6.3635817
77 6.3635817
78 6.3635817
79 6.3635817
80 6.3635817
81 6.3635817
82 6.3635817
83 6.3635817
84 6.3635817
85 6.3635817
86 6.3635817
87 6.3635817
88 6.3635817
89 6.3635817
90 6.3635817
91 6.3635817
92 6.3635817
93 6.3635817
94 6.3635817
95 6.3635817
96 6.3635817
97 6.3635817
98 6.3635817
99 6.3635817
100 6.3635817
101 6.3635817
102 6.3635817
103 6.3635817
104 6.3635817
105 6.3635817
106 6.3635817
107 6.3635817
108 6.3635817
109 6.3635817
110 6.3635817
111 6.3635817
112 6.3635817
113 6.3635817
114 6.3635817
115 6.3635817
116 6.3635817
117 6.3635817
118 6.3635817
119 6.3635817
120 6.3635817
121 6.366236
122 6.366236
123 6.366236
124 6.366236
125 6.366236
126 6.366236
127 6.366236
128 6.366236
129 6.366236
130 6.366236
131 6.366236
132 6.366236
133 6.366236
134 6.366236
135 6.366236
136 6.366236
137 6.366236
138 6.366236
139 6.366236
140 6.366236
141 6.366236
142 6.366236
143 6.366236
144 6.366236
145 6.366236
146 6.366236
147 6.366236
148 6.366236
149 6.366236
150 6.366236
151 6.366236
152 6.366236
153 6.366236
154 6.366236
155 6.366236
156 6.366236
157 6.366236
158 6.366236
159 6.366236
160 6.366236
161 6.366236
162 6.366236
163 6.366236
164 6.366236
165 6.366236
166 6.366236
167 6.366236
168 6.366236
169 6.366236
170 6.366236
171 6.366236
172 6.366236
173 6.366236
174 6.366236
175 6.366939
176 6.366939
177 6.366939
178 6.366939
179 6.366939
180 6.366939
181 6.366939
182 6.368641
183 6.368641
184 6.368641
185 6.368641
186 6.368641
187 6.368641
188 6.368641
189 6.368641
190 6.368641
191 6.368641
192 6.368641
193 6.368641
194 6.368641
195 6.368641
196 6.368641
197 6.368641
198 6.368641
199 6.368641
200 6.368641
201 6.368641
202 6.368641
203 6.368641
204 6.368641
205 6.368641
206 6.368641
207 6.368641
208 6.368641
209 6.368641
210 6.368641
211 6.368641
212 6.368641
213 6.368641
214 6.368641
215 6.368641
216 6.368641
217 6.368641
218 6.368641
219 6.368641
220 6.368641
221 6.368641
222 6.368641
223 6.368641
224 6.368641
225 6.368641
226 6.368641
227 6.368641
228 6.368641
229 6.368641
230 6.368641
231 6.368641
232 6.368641
233 6.368641
234 6.368641
235 6.368641
236 6.368641
237 6.368641
238 6.368641
239 6.368641
240 6.368641
241 6.368641
242 6.368641
243 6.368641
244 6.368641
245 6.368641
246 6.368641
247 6.368641
248 6.368641
249 6.368641
250 6.368641
251 6.368641
252 6.368641
253 6.368641
254 6.368641
255 6.368641
256 6.368641
257 6.368641
258 6.368641
259 6.368641
260 6.368641
261 6.368641
262 6.368641
263 6.368641
264 6.368641
265 6.368641
266 6.368641
267 6.368641
268 6.368641
269 6.368641
270 6.368641
271 6.368641
272 6.368641
273 6.368641
274 6.368641
275 6.368641
276 6.368641
277 6.368641
278 6.368641
279 6.368641
280 6.368641
281 6.368641
282 6.368641
283 6.368641
284 6.368641
285 6.368641
286 6.368641
287 6.368641
288 6.368641
289 6.368641
290 6.368641
291 6.368641
292 6.368641
293 6.368641
294 6.368641
295 6.368641
296 6.368641
297 6.368641
298 6.368641
299 6.368641
300 6.368641
301 6.368641
302 6.368641
303 6.368641
304 6.368641
305 6.368641
306 6.368641
307 6.368641
308 6.368641
309 6.368641
310 6.368641
311 6.368641
312 6.368641
313 6.368641
314 6.368641
315 6.368641
316 6.368641
317 6.368641
318 6.368641
319 6.368641
320 6.368641
321 6.368641
322 6.368641
323 6.368641
324 6.368641
325 6.368641
326 6.368641
327 6.368641
328 6.368641
329 6.368641
330 6.368641
331 6.368641
332 6.368641
333 6.368641
334 6.368641
335 6.368641
336 6.368641
337 6.368641
338 6.368641
339 6.368641
340 6.368641
341 6.368641
342 6.368641
343 6.368641
344 6.368641
345 6.368641
346 6.368641
347 6.368641
348 6.368641
349 6.368641
350 6.368641
351 6.368641
352 6.368641
353 6.368641
354 6.368641
355 6.368641
356 6.368641
357 6.368641
358 6.368641
359 6.368641
360 6.368641
361 6.368641
362 6.368641
363 6.368641
364 6.368641
365 6.368641
366 6.368641
367 6.368641
368 6.368641
369 6.368641
370 6.368641
371 6.368641
372 6.368641
373 6.368641
374 6.368641
375 6.368641
376 6.368641
377 6.368641
378 6.368641
379 6.368641
380 6.368641
381 6.368641
382 6.368641
383 6.368641
384 6.368641
385 6.368641
386 6.368641
387 6.368641
388 6.368641
389 6.368641
390 6.368641
391 6.368641
392 6.368641
393 6.368641
394 6.368641
395 6.368641
396 6.368641
397 6.368641
398 6.368641
399 6.368641
400 6.368641
401 6.368641
402 6.368641
403 6.368641
404 6.368641
405 6.368641
406 6.368641
407 6.368641
408 6.368641
409 6.368641
410 6.368641
411 6.368641
412 6.368641
413 6.368641
414 6.368641
415 6.368641
416 6.368641
417 6.368641
418 6.368641
419 6.368641
420 6.368641
421 6.368641
422 6.368641
423 6.368641
424 6.368641
425 6.368641
426 6.368641
427 6.368641
428 6.368641
429 6.368641
430 6.368641
431 6.368641
432 6.368641
433 6.368641
434 6.368641
435 6.368641
436 6.368641
437 6.368641
438 6.368641
439 6.368641
440 6.368641
441 6.368641
442 6.368641
443 6.368641
444 6.368641
445 6.368641
446 6.368641
447 6.368641
448 6.368641
449 6.368641
450 6.368641
451 6.368641
452 6.368641
453 6.368641
454 6.368641
455 6.368641
456 6.368641
457 6.368641
458 6.368641
459 6.368641
460 6.368641
461 6.368641
462 6.368641
463 6.368641
464 6.368641
465 6.368641
466 6.368641
467 6.368641
468 6.368641
469 6.368641
470 6.368641
471 6.368641
472 6.368641
473 6.368641
474 6.368641
475 6.368641
476 6.368641
477 6.368641
478 6.368641
479 6.368641
480 6.368641
481 6.368641
482 6.368641
483 6.368641
484 6.368641
485 6.368641
486 6.368641
487 6.368641
488 6.368641
489 6.368641
490 6.368641
491 6.368641
492 6.368641
493 6.368641
494 6.368641
495 6.368641
496 6.368641
497 6.368641
498 6.368641
499 6.368641
500 6.368641
501 6.368641
502 6.368641
503 6.368641
504 6.368641
505 6.368641
506 6.368641
507 6.368641
508 6.368641
509 6.368641
510 6.368641
511 6.368641
512 6.368641
513 6.368641
514 6.368641
515 6.368641
516 6.368641
517 6.368641
518 6.368641
519 6.368641
520 6.368641
521 6.368641
522 6.368641
523 6.368641
524 6.368641
525 6.368641
526 6.368641
527 6.368641
528 6.368641
529 6.368641
530 6.368641
531 6.368641
532 6.368641
533 6.368641
534 6.368641
535 6.368641
536 6.368641
537 6.368641
538 6.368641
539 6.368641
540 6.368641
541 6.368641
542 6.368641
543 6.368641
544 6.368641
545 6.368641
546 6.368641
547 6.368641
548 6.368641
549 6.368641
550 6.368641
551 6.368641
552 6.368641
553 6.368641
554 6.368641
555 6.368641
556 6.368641
557 6.368641
558 6.368641
559 6.368641
560 6.368641
561 6.368641
562 6.368641
563 6.368641
564 6.368641
565 6.368641
566 6.368641
567 6.368641
568 6.368641
569 6.368641
570 6.368641
571 6.368641
572 6.368641
573 6.368641
574 6.368641
575 6.368641
576 6.368641
577 6.368641
578 6.368641
579 6.368641
580 6.368641
581 6.368641
582 6.368641
583 6.368641
584 6.368641
585 6.368641
586 6.368641
587 6.368641
588 6.368641
589 6.368641
590 6.368641
591 6.368641
592 6.368641
593 6.368641
594 6.368641
595 6.368641
596 6.368641
597 6.368641
598 6.368641
599 6.368641
600 6.368641
601 6.368641
602 6.368641
603 6.368641
604 6.368641
605 6.368641
606 6.368641
607 6.368641
608 6.368641
609 6.368641
610 6.368641
611 6.368641
612 6.368641
613 6.368641
614 6.368641
615 6.368641
616 6.368641
617 6.368641
618 6.368641
619 6.368641
620 6.368641
621 6.368641
622 6.368641
623 6.368641
624 6.368641
625 6.368641
626 6.368641
627 6.368641
628 6.368641
629 6.368641
630 6.368641
631 6.368641
632 6.368641
633 6.368641
634 6.368641
635 6.368641
636 6.368641
637 6.368641
638 6.368641
639 6.368641
640 6.368641
641 6.368641
642 6.368641
643 6.368641
644 6.368641
645 6.368641
646 6.368641
647 6.368641
648 6.368641
649 6.368641
650 6.368641
651 6.368641
652 6.368641
653 6.368641
654 6.368641
655 6.368641
656 6.368641
657 6.368641
658 6.368641
659 6.368641
660 6.368641
661 6.368641
662 6.368641
663 6.368641
664 6.368641
665 6.368641
666 6.368641
667 6.368641
668 6.368641
669 6.368641
670 6.368641
671 6.368641
672 6.368641
673 6.368641
674 6.368641
675 6.368641
676 6.368641
677 6.368641
678 6.368641
679 6.368641
680 6.368641
681 6.368641
682 6.368641
683 6.368641
684 6.368641
685 6.368641
686 6.368641
687 6.368641
688 6.368641
689 6.368641
690 6.368641
691 6.368641
692 6.368641
693 6.368641
694 6.368641
695 6.368641
696 6.368641
697 6.368641
698 6.368641
699 6.368641
700 6.368641
701 6.368641
702 6.368641
703 6.368641
704 6.368641
705 6.368641
706 6.368641
707 6.368641
708 6.368641
709 6.368641
710 6.368641
711 6.368641
712 6.368641
713 6.368641
714 6.368641
715 6.368641
716 6.368641
717 6.368641
718 6.368641
719 6.368641
720 6.368641
721 6.368641
722 6.368641
723 6.368641
724 6.368641
725 6.368641
726 6.368641
727 6.368641
728 6.368641
729 6.368641
730 6.368641
731 6.368641
732 6.368641
733 6.368641
734 6.368641
735 6.368641
736 6.368641
737 6.368641
738 6.368641
739 6.368641
740 6.368641
741 6.368641
742 6.368641
743 6.368641
744 6.368641
745 6.368641
746 6.368641
747 6.368641
748 6.368641
749 6.368641
750 6.368641
751 6.368641
752 6.368641
753 6.368641
754 6.368641
755 6.368641
756 6.368641
757 6.368641
758 6.368641
759 6.368641
760 6.368641
761 6.368641
762 6.368641
763 6.368641
764 6.368641
765 6.368641
766 6.368641
767 6.368641
768 6.368641
769 6.368641
770 6.368641
771 6.368641
772 6.368641
773 6.368641
774 6.368641
775 6.368641
776 6.368641
777 6.368641
778 6.368641
779 6.368641
780 6.368641
781 6.368641
782 6.368641
783 6.368641
784 6.368641
785 6.368641
786 6.368641
787 6.368641
788 6.368641
789 6.368641
790 6.368641
791 6.368641
792 6.368641
793 6.368641
794 6.368641
795 6.368641
796 6.368641
797 6.368641
798 6.368641
799 6.368641
800 6.368641
801 6.368641
802 6.368641
803 6.368641
804 6.368641
805 6.368641
806 6.368641
807 6.368641
808 6.368641
809 6.368641
810 6.368641
811 6.368641
812 6.368641
813 6.368641
814 6.368641
815 6.368641
816 6.368641
817 6.368641
818 6.368641
819 6.368641
820 6.368641
821 6.368641
822 6.368641
823 6.368641
824 6.368641
825 6.368641
826 6.368641
827 6.368641
828 6.368641
829 6.368641
830 6.368641
831 6.368641
832 6.368641
833 6.368641
834 6.368641
835 6.368641
836 6.368641
837 6.368641
838 6.368641
839 6.368641
840 6.368641
841 6.368641
842 6.368641
843 6.368641
844 6.368641
845 6.368641
846 6.368641
847 6.368641
848 6.368641
849 6.368641
850 6.368641
851 6.368641
852 6.368641
853 6.368641
854 6.368641
855 6.368641
856 6.368641
857 6.368641
858 6.368641
859 6.368641
860 6.368641
861 6.368641
862 6.368641
863 6.368641
864 6.368641
865 6.368641
866 6.368641
867 6.368641
868 6.368641
869 6.368641
870 6.368641
871 6.368641
872 6.368641
873 6.368641
874 6.368641
875 6.368641
876 6.368641
877 6.368641
878 6.368641
879 6.368641
880 6.368641
881 6.368641
882 6.368641
883 6.368641
884 6.368641
885 6.368641
886 6.368641
887 6.368641
888 6.368641
889 6.368641
890 6.368641
891 6.368641
892 6.368641
893 6.368641
894 6.368641
895 6.368641
896 6.368641
897 6.368641
898 6.368641
899 6.368641
900 6.368641
901 6.368641
902 6.368641
903 6.368641
904 6.368641
905 6.368641
906 6.368641
907 6.368641
908 6.368641
909 6.368641
910 6.368641
911 6.368641
912 6.368641
913 6.368641
914 6.368641
915 6.368641
916 6.368641
917 6.368641
918 6.368641
919 6.368641
920 6.368641
921 6.368641
922 6.368641
923 6.368641
924 6.368641
925 6.368641
926 6.368641
927 6.368641
928 6.368641
929 6.368641
930 6.368641
931 6.368641
932 6.368641
933 6.368641
934 6.368641
935 6.368641
936 6.368641
937 6.368641
938 6.368641
939 6.368641
940 6.368641
941 6.368641
942 6.368641
943 6.368641
944 6.368641
945 6.368641
946 6.368641
947 6.368641
948 6.368641
949 6.368641
950 6.368641
951 6.368641
952 6.368641
953 6.368641
954 6.368641
955 6.368641
956 6.368641
957 6.368641
958 6.368641
959 6.368641
960 6.368641
961 6.368641
962 6.368641
963 6.368641
964 6.368641
965 6.368641
966 6.368641
967 6.368641
968 6.368641
969 6.368641
970 6.368641
971 6.368641
972 6.368641
973 6.368641
974 6.368641
975 6.368641
976 6.368641
977 6.368641
978 6.368641
979 6.368641
980 6.368641
981 6.368641
982 6.368641
983 6.368641
984 6.368641
985 6.368641
986 6.368641
987 6.368641
988 6.368641
989 6.368641
990 6.368641
991 6.368641
992 6.368641
993 6.368641
994 6.368641
995 6.368641
996 6.368641
997 6.368641
998 6.368641
999 6.368641
[-0.40980037  0.51868545  0.1487565  -0.84043376  0.31956207 -0.55289605]
[6.368641]
