[09:13:22] WARNING: /workspace/src/objective/regression_obj.cu:152: reg:linear is now deprecated in favor of reg:squarederror.
0 0.45697767
1 0.48805645
2 0.4914533
3 0.49880603
4 0.50135726
5 0.50194776
6 0.50194776
7 0.5023396
8 0.5023396
9 0.5054229
10 0.5058148
11 0.5065947
12 0.50673395
13 0.512381
14 0.5223782
15 0.52359706
16 0.52359706
17 0.52359706
18 0.5237363
19 0.5237363
20 0.5237363
21 0.5237363
22 0.5237363
23 0.5237363
24 0.5242552
25 0.5242552
26 0.5242552
27 0.5242552
28 0.5242552
29 0.5242552
30 0.5242552
31 0.5242552
32 0.5242552
33 0.5242552
34 0.5242552
35 0.5242552
36 0.5242552
37 0.5242552
38 0.5242552
39 0.5242552
40 0.5242552
41 0.5242552
42 0.5242552
43 0.5242552
44 0.5242552
45 0.5242552
46 0.5242552
47 0.5242552
48 0.5242552
49 0.5242552
50 0.5242552
51 0.5242552
52 0.5242552
53 0.5242552
54 0.5242552
55 0.5242552
56 0.5242552
57 0.5242552
58 0.5242552
59 0.5242552
60 0.5242552
61 0.5242552
62 0.5242552
63 0.5242552
64 0.5242552
65 0.5242552
66 0.5242552
67 0.5242552
68 0.5242552
69 0.5242552
70 0.5242552
71 0.5242552
72 0.5242552
73 0.5242552
74 0.5242552
75 0.5242552
76 0.5242552
77 0.5242552
78 0.5242552
79 0.5242552
80 0.5242552
81 0.5242552
82 0.5242552
83 0.5242552
84 0.5242552
85 0.5242552
86 0.5242552
87 0.5242552
88 0.5242552
89 0.5242552
90 0.5242552
91 0.5242552
92 0.5242552
93 0.5242552
94 0.5242552
95 0.5242552
96 0.5242552
97 0.5242552
98 0.5242552
99 0.5242552
100 0.5242552
101 0.5242552
102 0.5242552
103 0.5242552
104 0.5242552
105 0.5242552
106 0.5242552
107 0.5242552
108 0.5242552
109 0.5242552
110 0.5242552
111 0.5242552
112 0.5242552
113 0.5242552
114 0.5242552
115 0.5242552
116 0.5242552
117 0.5242552
118 0.5242552
119 0.5242552
120 0.5242552
121 0.5242552
122 0.5242552
123 0.5242552
124 0.5242552
125 0.5242552
126 0.5242552
127 0.5242552
128 0.5242552
129 0.5242552
130 0.5242552
131 0.5242552
132 0.5242552
133 0.5242552
134 0.5242552
135 0.5242552
136 0.5242552
137 0.5242552
138 0.5242552
139 0.5242552
140 0.5242552
141 0.5242552
142 0.5242552
143 0.5242552
144 0.5242552
145 0.5242552
146 0.5242552
147 0.5242552
148 0.5242552
149 0.5242552
150 0.5242552
151 0.5242552
152 0.5242552
153 0.5242552
154 0.5242552
155 0.5242552
156 0.5242552
157 0.5242552
158 0.5242552
159 0.5242552
160 0.5242552
161 0.5242552
162 0.5242552
163 0.5242552
164 0.5242552
165 0.5242552
166 0.5242552
167 0.5242552
168 0.5242552
169 0.5242552
170 0.5242552
171 0.5242552
172 0.5242552
173 0.5242552
174 0.5242552
175 0.5242552
176 0.5242552
177 0.5242552
178 0.5242552
179 0.5242552
180 0.5242552
181 0.5242552
182 0.5242552
183 0.5242552
184 0.5242552
185 0.5242552
186 0.5242552
187 0.5242552
188 0.5242552
189 0.5242552
190 0.5242552
191 0.5242552
192 0.5242552
193 0.5242552
194 0.5242552
195 0.5242552
196 0.5242552
197 0.5242552
198 0.5242552
199 0.5242552
200 0.5242552
201 0.5242552
202 0.5242552
203 0.5242552
204 0.5242552
205 0.5242552
206 0.5242552
207 0.5242552
208 0.5242552
209 0.5242552
210 0.5242552
211 0.5242552
212 0.5242552
213 0.5242552
214 0.5242552
215 0.5242552
216 0.5242552
217 0.5242552
218 0.5242552
219 0.5242552
220 0.5242552
221 0.5242552
222 0.5242552
223 0.5242552
224 0.5242552
225 0.5242552
226 0.5242552
227 0.5242552
228 0.5242552
229 0.5242552
230 0.5242552
231 0.5242552
232 0.5242552
233 0.5242552
234 0.5242552
235 0.5242552
236 0.5242552
237 0.5242552
238 0.5242552
239 0.5242552
240 0.5242552
241 0.5242552
242 0.5242552
243 0.5242552
244 0.5242552
245 0.5242552
246 0.5242552
247 0.5242552
248 0.5242552
249 0.5242552
250 0.5242552
251 0.5242552
252 0.5242552
253 0.5242552
254 0.5242552
255 0.5242552
256 0.5242552
257 0.5242552
258 0.5242552
259 0.5242552
260 0.5242552
261 0.5242552
262 0.5242552
263 0.5242552
264 0.5242552
265 0.5242552
266 0.5242552
267 0.5242552
268 0.5242552
269 0.5242552
270 0.5242552
271 0.5242552
272 0.5242552
273 0.5242552
274 0.5242552
275 0.5242552
276 0.5242552
277 0.5242552
278 0.5242552
279 0.5242552
280 0.5242552
281 0.5242552
282 0.5242552
283 0.5242552
284 0.5242552
285 0.5242552
286 0.5242552
287 0.5242552
288 0.5242552
289 0.5242552
290 0.5242552
291 0.5242552
292 0.5242552
293 0.5242552
294 0.5242552
295 0.5242552
296 0.5242552
297 0.5242552
298 0.5242552
299 0.5242552
300 0.5242552
301 0.5242552
302 0.5242552
303 0.5242552
304 0.5242552
305 0.5242552
306 0.5242552
307 0.5242552
308 0.5242552
309 0.5242552
310 0.5242552
311 0.5242552
312 0.5242552
313 0.5242552
314 0.5242552
315 0.5242552
316 0.5242552
317 0.5242552
318 0.5242552
319 0.5242552
320 0.5242552
321 0.5242552
322 0.5242552
323 0.5242552
324 0.5242552
325 0.5242552
326 0.5242552
327 0.5242552
328 0.5242552
329 0.5242552
330 0.5242552
331 0.5242552
332 0.5242552
333 0.5242552
334 0.5242552
335 0.5242552
336 0.5242552
337 0.5242552
338 0.5242552
339 0.5242552
340 0.5242552
341 0.5242552
342 0.5242552
343 0.5242552
344 0.5242552
345 0.5242552
346 0.5242552
347 0.5242552
348 0.5242552
349 0.5242552
350 0.5242552
351 0.5242552
352 0.5242552
353 0.5242552
354 0.5242552
355 0.5242552
356 0.5242552
357 0.5242552
358 0.5242552
359 0.5242552
360 0.5242552
361 0.5242552
362 0.5242552
363 0.5242552
364 0.5242552
365 0.5242552
366 0.5242552
367 0.5242552
368 0.5242552
369 0.5242552
370 0.5242552
371 0.5242552
372 0.5242552
373 0.5242552
374 0.5242552
375 0.5242552
376 0.5242552
377 0.5242552
378 0.5242552
379 0.5242552
380 0.5242552
381 0.5242552
382 0.5242552
383 0.5242552
384 0.5242552
385 0.5242552
386 0.5242552
387 0.5242552
388 0.5242552
389 0.5242552
390 0.5242552
391 0.5242552
392 0.5242552
393 0.5242552
394 0.5242552
395 0.5242552
396 0.5242552
397 0.5242552
398 0.5242552
399 0.5242552
400 0.5242552
401 0.5242552
402 0.5242552
403 0.5242552
404 0.5242552
405 0.5242552
406 0.5242552
407 0.5242552
408 0.5242552
409 0.5242552
410 0.5242552
411 0.5242552
412 0.5242552
413 0.5242552
414 0.5242552
415 0.5242552
416 0.5242552
417 0.5242552
418 0.5242552
419 0.5242552
420 0.5242552
421 0.5242552
422 0.5242552
423 0.5242552
424 0.5242552
425 0.5242552
426 0.5242552
427 0.5242552
428 0.5242552
429 0.5242552
430 0.5242552
431 0.5242552
432 0.5242552
433 0.5242552
434 0.5242552
435 0.5242552
436 0.5242552
437 0.5242552
438 0.5242552
439 0.5242552
440 0.5242552
441 0.5242552
442 0.5242552
443 0.5242552
444 0.5242552
445 0.5242552
446 0.5242552
447 0.5242552
448 0.5242552
449 0.5242552
450 0.5242552
451 0.5242552
452 0.5242552
453 0.5242552
454 0.5242552
455 0.5242552
456 0.5242552
457 0.5242552
458 0.5242552
459 0.5242552
460 0.5242552
461 0.5242552
462 0.5242552
463 0.5242552
464 0.5242552
465 0.5242552
466 0.5242552
467 0.5242552
468 0.5242552
469 0.5242552
470 0.5242552
471 0.5242552
472 0.5242552
473 0.5242552
474 0.5242552
475 0.5242552
476 0.5242552
477 0.5242552
478 0.5242552
479 0.5242552
480 0.5242552
481 0.5242552
482 0.5242552
483 0.5242552
484 0.5242552
485 0.5242552
486 0.5242552
487 0.5242552
488 0.5242552
489 0.5242552
490 0.5242552
491 0.5242552
492 0.5242552
493 0.5242552
494 0.5242552
495 0.5242552
496 0.5242552
497 0.5242552
498 0.5242552
499 0.5242552
500 0.5242552
501 0.5242552
502 0.5242552
503 0.5242552
504 0.5242552
505 0.5242552
506 0.5242552
507 0.5242552
508 0.5242552
509 0.5242552
510 0.5242552
511 0.5242552
512 0.5242552
513 0.5242552
514 0.5242552
515 0.5242552
516 0.5242552
517 0.5242552
518 0.5242552
519 0.5242552
520 0.5242552
521 0.5242552
522 0.5242552
523 0.5242552
524 0.5242552
525 0.5242552
526 0.5242552
527 0.5242552
528 0.5242552
529 0.5242552
530 0.5242552
531 0.5242552
532 0.5242552
533 0.5242552
534 0.5242552
535 0.5242552
536 0.5242552
537 0.5242552
538 0.5242552
539 0.5242552
540 0.5242552
541 0.5242552
542 0.5242552
543 0.5242552
544 0.5242552
545 0.5242552
546 0.5242552
547 0.5242552
548 0.5242552
549 0.5242552
550 0.5242552
551 0.5242552
552 0.5242552
553 0.5242552
554 0.5242552
555 0.5242552
556 0.5242552
557 0.5242552
558 0.5242552
559 0.5242552
560 0.5242552
561 0.5242552
562 0.5242552
563 0.5242552
564 0.5242552
565 0.5242552
566 0.5242552
567 0.5242552
568 0.5242552
569 0.5242552
570 0.5242552
571 0.5242552
572 0.5242552
573 0.5242552
574 0.5242552
575 0.5242552
576 0.5242552
577 0.5242552
578 0.5242552
579 0.5242552
580 0.5242552
581 0.5242552
582 0.5242552
583 0.5242552
584 0.5242552
585 0.5242552
586 0.5242552
587 0.5242552
588 0.5242552
589 0.5242552
590 0.5242552
591 0.5242552
592 0.5242552
593 0.5242552
594 0.5242552
595 0.5242552
596 0.5242552
597 0.5242552
598 0.5242552
599 0.5242552
600 0.5242552
601 0.5242552
602 0.5242552
603 0.5242552
604 0.5242552
605 0.5242552
606 0.5242552
607 0.5242552
608 0.5242552
609 0.5242552
610 0.5242552
611 0.5242552
612 0.5242552
613 0.5242552
614 0.5242552
615 0.5242552
616 0.5242552
617 0.5242552
618 0.5242552
619 0.5242552
620 0.5242552
621 0.5242552
622 0.5242552
623 0.5242552
624 0.5242552
625 0.5242552
626 0.5242552
627 0.5242552
628 0.5242552
629 0.5242552
630 0.5242552
631 0.5242552
632 0.5242552
633 0.5242552
634 0.5242552
635 0.5242552
636 0.5242552
637 0.5242552
638 0.5242552
639 0.5242552
640 0.5242552
641 0.5242552
642 0.5242552
643 0.5242552
644 0.5242552
645 0.5242552
646 0.5242552
647 0.5242552
648 0.5242552
649 0.5242552
650 0.5242552
651 0.5242552
652 0.5242552
653 0.5242552
654 0.5242552
655 0.5242552
656 0.5242552
657 0.5242552
658 0.5242552
659 0.5242552
660 0.5242552
661 0.5242552
662 0.5242552
663 0.5242552
664 0.5242552
665 0.5242552
666 0.5242552
667 0.5242552
668 0.5242552
669 0.5242552
670 0.5242552
671 0.5242552
672 0.5242552
673 0.5242552
674 0.5242552
675 0.5242552
676 0.5242552
677 0.5242552
678 0.5242552
679 0.5242552
680 0.5242552
681 0.5242552
682 0.5242552
683 0.5242552
684 0.5242552
685 0.5242552
686 0.5242552
687 0.5242552
688 0.5242552
689 0.5242552
690 0.5242552
691 0.5242552
692 0.5242552
693 0.5242552
694 0.5242552
695 0.5242552
696 0.5242552
697 0.5242552
698 0.5242552
699 0.5242552
700 0.5242552
701 0.5242552
702 0.5242552
703 0.5242552
704 0.5242552
705 0.5242552
706 0.5242552
707 0.5242552
708 0.5242552
709 0.5242552
710 0.5242552
711 0.5242552
712 0.5242552
713 0.5242552
714 0.5242552
715 0.5242552
716 0.5242552
717 0.5242552
718 0.5242552
719 0.5242552
720 0.5242552
721 0.5242552
722 0.5242552
723 0.5242552
724 0.5242552
725 0.5242552
726 0.5242552
727 0.5242552
728 0.5242552
729 0.5242552
730 0.5242552
731 0.5242552
732 0.5242552
733 0.5242552
734 0.5242552
735 0.5242552
736 0.5242552
737 0.5242552
738 0.5242552
739 0.5242552
740 0.5242552
741 0.5242552
742 0.5242552
743 0.5242552
744 0.5242552
745 0.5242552
746 0.5242552
747 0.5242552
748 0.5242552
749 0.5242552
750 0.5242552
751 0.5242552
752 0.5242552
753 0.5242552
754 0.5242552
755 0.5242552
756 0.5242552
757 0.5242552
758 0.5242552
759 0.5242552
760 0.5242552
761 0.5242552
762 0.5242552
763 0.5242552
764 0.5242552
765 0.5242552
766 0.5242552
767 0.5242552
768 0.5242552
769 0.5242552
770 0.5242552
771 0.5242552
772 0.5242552
773 0.5242552
774 0.5242552
775 0.5242552
776 0.5242552
777 0.5242552
778 0.5242552
779 0.5242552
780 0.5242552
781 0.5242552
782 0.5242552
783 0.5242552
784 0.5242552
785 0.5242552
786 0.5242552
787 0.5242552
788 0.5242552
789 0.5242552
790 0.5242552
791 0.5242552
792 0.5242552
793 0.5242552
794 0.5242552
795 0.5242552
796 0.5242552
797 0.5242552
798 0.5242552
799 0.5242552
800 0.5242552
801 0.5242552
802 0.5242552
803 0.5242552
804 0.5242552
805 0.5242552
806 0.5242552
807 0.5242552
808 0.5242552
809 0.5242552
810 0.5242552
811 0.5242552
812 0.5242552
813 0.5242552
814 0.5242552
815 0.5242552
816 0.5242552
817 0.5242552
818 0.5242552
819 0.5242552
820 0.5242552
821 0.5242552
822 0.5242552
823 0.5242552
824 0.5242552
825 0.5242552
826 0.5242552
827 0.5242552
828 0.5242552
829 0.5242552
830 0.5242552
831 0.5242552
832 0.5242552
833 0.5242552
834 0.5242552
835 0.5242552
836 0.5242552
837 0.5242552
838 0.5242552
839 0.5242552
840 0.5242552
841 0.5242552
842 0.5242552
843 0.5242552
844 0.5242552
845 0.5242552
846 0.5242552
847 0.5242552
848 0.5242552
849 0.5242552
850 0.5242552
851 0.5242552
852 0.5242552
853 0.5242552
854 0.5242552
855 0.5242552
856 0.5242552
857 0.5242552
858 0.5242552
859 0.5242552
860 0.5242552
861 0.5242552
862 0.5242552
863 0.5242552
864 0.5242552
865 0.5242552
866 0.5242552
867 0.5242552
868 0.5242552
869 0.5242552
870 0.5242552
871 0.5242552
872 0.5242552
873 0.5242552
874 0.5242552
875 0.5242552
876 0.5242552
877 0.5242552
878 0.5242552
879 0.5242552
880 0.5242552
881 0.5242552
882 0.5242552
883 0.5242552
884 0.5242552
885 0.5242552
886 0.5242552
887 0.5242552
888 0.5242552
889 0.5242552
890 0.5242552
891 0.5242552
892 0.5242552
893 0.5242552
894 0.5242552
895 0.5242552
896 0.5242552
897 0.5242552
898 0.5242552
899 0.5242552
900 0.5242552
901 0.5242552
902 0.5242552
903 0.5242552
904 0.5242552
905 0.5242552
906 0.5242552
907 0.5242552
908 0.5242552
909 0.5242552
910 0.5242552
911 0.5242552
912 0.5242552
913 0.5242552
914 0.5242552
915 0.5242552
916 0.5242552
917 0.5242552
918 0.5242552
919 0.5242552
920 0.5242552
921 0.5242552
922 0.5242552
923 0.5242552
924 0.5242552
925 0.5242552
926 0.5242552
927 0.5242552
928 0.5242552
929 0.5242552
930 0.5242552
931 0.5242552
932 0.5242552
933 0.5242552
934 0.5242552
935 0.5242552
936 0.5242552
937 0.5242552
938 0.5242552
939 0.5242552
940 0.5242552
941 0.5242552
942 0.5242552
943 0.5242552
944 0.5242552
945 0.5242552
946 0.5242552
947 0.5242552
948 0.5242552
949 0.5242552
950 0.5242552
951 0.5242552
952 0.5242552
953 0.5242552
954 0.5242552
955 0.5242552
956 0.5242552
957 0.5242552
958 0.5242552
959 0.5242552
960 0.5242552
961 0.5242552
962 0.5242552
963 0.5242552
964 0.5242552
965 0.5242552
966 0.5242552
967 0.5242552
968 0.5242552
969 0.5242552
970 0.5242552
971 0.5242552
972 0.5242552
973 0.5242552
974 0.5242552
975 0.5242552
976 0.5242552
977 0.5242552
978 0.5242552
979 0.5242552
980 0.5242552
981 0.5242552
982 0.5242552
983 0.5242552
984 0.5242552
985 0.5242552
986 0.5242552
987 0.5242552
988 0.5242552
989 0.5242552
990 0.5242552
991 0.5242552
992 0.5242552
993 0.5242552
994 0.5242552
995 0.5242552
996 0.5242552
997 0.5242552
998 0.5242552
999 0.5242552
[-0.68555363  0.73133034 -0.18393056  0.31599865 -0.96963767 -0.54626295]
[0.5242552]
