[09:13:59] WARNING: /workspace/src/objective/regression_obj.cu:152: reg:linear is now deprecated in favor of reg:squarederror.
0 0.5075826
1 0.518178
2 0.518178
3 0.51906484
4 0.52056926
5 0.52537286
6 0.52537286
7 0.5295457
8 0.53030396
9 0.53030396
10 0.5303647
11 0.5303647
12 0.5303647
13 0.5303647
14 0.5303647
15 0.5303647
16 0.5303647
17 0.5303647
18 0.5303647
19 0.5303647
20 0.5303647
21 0.5303647
22 0.5303647
23 0.5303647
24 0.5303647
25 0.5303647
26 0.5303647
27 0.5303647
28 0.5303647
29 0.5303647
30 0.5303647
31 0.5303647
32 0.5303647
33 0.5303647
34 0.5303647
35 0.5303647
36 0.5303647
37 0.5303647
38 0.5303647
39 0.5303647
40 0.5303647
41 0.5303647
42 0.5303647
43 0.5303647
44 0.5303647
45 0.5303647
46 0.5303647
47 0.5303647
48 0.5303647
49 0.5303647
50 0.5303647
51 0.5303647
52 0.5303647
53 0.5303647
54 0.5303647
55 0.5303647
56 0.5303647
57 0.5303647
58 0.5303647
59 0.5303647
60 0.5303647
61 0.5303647
62 0.5303647
63 0.5303647
64 0.5303647
65 0.5303647
66 0.5303647
67 0.5303647
68 0.5303647
69 0.5303647
70 0.5303647
71 0.5303647
72 0.5303647
73 0.5303647
74 0.5303647
75 0.5303647
76 0.5303647
77 0.5303647
78 0.5303647
79 0.5303647
80 0.5303647
81 0.5303647
82 0.5303647
83 0.5303647
84 0.5303647
85 0.5303647
86 0.5303647
87 0.5303647
88 0.5303647
89 0.5303647
90 0.5303647
91 0.5303647
92 0.5303647
93 0.5303647
94 0.5303647
95 0.5303647
96 0.5303647
97 0.5303647
98 0.5303647
99 0.5303647
100 0.5303647
101 0.5303647
102 0.5303647
103 0.5303647
104 0.5303647
105 0.5303647
106 0.5303647
107 0.5303647
108 0.5303647
109 0.5303647
110 0.5303647
111 0.5303647
112 0.5303647
113 0.5303647
114 0.5303647
115 0.5303647
116 0.5303647
117 0.5303647
118 0.5303647
119 0.5303647
120 0.5303647
121 0.5303647
122 0.5303647
123 0.5303647
124 0.5303647
125 0.5303647
126 0.5303647
127 0.5303647
128 0.5303647
129 0.5303647
130 0.5303647
131 0.5303647
132 0.5303647
133 0.5303647
134 0.5303647
135 0.5303647
136 0.5303647
137 0.5303647
138 0.5303647
139 0.5303647
140 0.5303647
141 0.5303647
142 0.5303647
143 0.5303647
144 0.5303647
145 0.5303647
146 0.5303647
147 0.5303647
148 0.5303647
149 0.5303647
150 0.5303647
151 0.5303647
152 0.5303647
153 0.5303647
154 0.5303647
155 0.5303647
156 0.5303647
157 0.5303647
158 0.5303647
159 0.5303647
160 0.5303647
161 0.5303647
162 0.5303647
163 0.5303647
164 0.5303647
165 0.5303647
166 0.5303647
167 0.5303647
168 0.5303647
169 0.5303647
170 0.5303647
171 0.5303647
172 0.5303647
173 0.5303647
174 0.5303647
175 0.5303647
176 0.5303647
177 0.5303647
178 0.5303647
179 0.5303647
180 0.5303647
181 0.5303647
182 0.5303647
183 0.5303647
184 0.5303647
185 0.5303647
186 0.5303647
187 0.5303647
188 0.5303647
189 0.5303647
190 0.5303647
191 0.5303647
192 0.5303647
193 0.5303647
194 0.5303647
195 0.5303647
196 0.5303647
197 0.5303647
198 0.5303647
199 0.5303647
200 0.5303647
201 0.5303647
202 0.5303647
203 0.5303647
204 0.5303647
205 0.5303647
206 0.5303647
207 0.5303647
208 0.5303647
209 0.5303647
210 0.5303647
211 0.5303647
212 0.5303647
213 0.5303647
214 0.5303647
215 0.5303647
216 0.5303647
217 0.5303647
218 0.5303647
219 0.5303647
220 0.5303647
221 0.5303647
222 0.5303647
223 0.5303647
224 0.5303647
225 0.5303647
226 0.5303647
227 0.5303647
228 0.5303647
229 0.5303647
230 0.5303647
231 0.5303647
232 0.5303647
233 0.5303647
234 0.5303647
235 0.5303647
236 0.5303647
237 0.5303647
238 0.5303647
239 0.5303647
240 0.5303647
241 0.5303647
242 0.5303647
243 0.5303647
244 0.5303647
245 0.5303647
246 0.5303647
247 0.5303647
248 0.5303647
249 0.5303647
250 0.5303647
251 0.5303647
252 0.5303647
253 0.5303647
254 0.5303647
255 0.5303647
256 0.5303647
257 0.5303647
258 0.5303647
259 0.5303647
260 0.5303647
261 0.5303647
262 0.5303647
263 0.5303647
264 0.5303647
265 0.5303647
266 0.5303647
267 0.5303647
268 0.5303647
269 0.5303647
270 0.5303647
271 0.5303647
272 0.5303647
273 0.5303647
274 0.5303647
275 0.5303647
276 0.5303647
277 0.5303647
278 0.5303647
279 0.5303647
280 0.5303647
281 0.5303647
282 0.5303647
283 0.5303647
284 0.5303647
285 0.5303647
286 0.5303647
287 0.5303647
288 0.5303647
289 0.5303647
290 0.5303647
291 0.5303647
292 0.5303647
293 0.5303647
294 0.5303647
295 0.5303647
296 0.5303647
297 0.5303647
298 0.5303647
299 0.5303647
300 0.5303647
301 0.5303647
302 0.5303647
303 0.5303647
304 0.5303647
305 0.5303647
306 0.5303647
307 0.5303647
308 0.5303647
309 0.5303647
310 0.5303647
311 0.5303647
312 0.5303647
313 0.5303647
314 0.5303647
315 0.5303647
316 0.5303647
317 0.5303647
318 0.5303647
319 0.5303647
320 0.5303647
321 0.5303647
322 0.5303647
323 0.5303647
324 0.5303647
325 0.5303647
326 0.5303647
327 0.5303647
328 0.5303647
329 0.5303647
330 0.5303647
331 0.5303647
332 0.5303647
333 0.5303647
334 0.5303647
335 0.5303647
336 0.5303647
337 0.5303647
338 0.5303647
339 0.5303647
340 0.5303647
341 0.5303647
342 0.5303647
343 0.5303647
344 0.5303647
345 0.5303647
346 0.5303647
347 0.5303647
348 0.5303647
349 0.5303647
350 0.5303647
351 0.5303647
352 0.5303647
353 0.5303647
354 0.5303647
355 0.5303647
356 0.5303647
357 0.5303647
358 0.5303647
359 0.5303647
360 0.5303647
361 0.5303647
362 0.5303647
363 0.5303647
364 0.5303647
365 0.5303647
366 0.5303647
367 0.5303647
368 0.5303647
369 0.5303647
370 0.5303647
371 0.5303647
372 0.5303647
373 0.5303647
374 0.5303647
375 0.5303647
376 0.5303647
377 0.5303647
378 0.5303647
379 0.5303647
380 0.5303647
381 0.5303647
382 0.5303647
383 0.5303647
384 0.5303647
385 0.5303647
386 0.5303647
387 0.5303647
388 0.5303647
389 0.5303647
390 0.5303647
391 0.5303647
392 0.5303647
393 0.5303647
394 0.5303647
395 0.5303647
396 0.5303647
397 0.5303647
398 0.5303647
399 0.5303647
400 0.5303647
401 0.5303647
402 0.5303647
403 0.5303647
404 0.5303647
405 0.5303647
406 0.5303647
407 0.5303647
408 0.5303647
409 0.5303647
410 0.5303647
411 0.5303647
412 0.5303647
413 0.5303647
414 0.5303647
415 0.5303647
416 0.5303647
417 0.5303647
418 0.5303647
419 0.5303647
420 0.5303647
421 0.5303647
422 0.5303647
423 0.5303647
424 0.5303647
425 0.5303647
426 0.5303647
427 0.5303647
428 0.5303647
429 0.5303647
430 0.5303647
431 0.5303647
432 0.5303647
433 0.5303647
434 0.5303647
435 0.5303647
436 0.5303647
437 0.5303647
438 0.5303647
439 0.5303647
440 0.5303647
441 0.5303647
442 0.5303647
443 0.5303647
444 0.5303647
445 0.5303647
446 0.5303647
447 0.5303647
448 0.5303647
449 0.5303647
450 0.5303647
451 0.5303647
452 0.5303647
453 0.5303647
454 0.5303647
455 0.5303647
456 0.5303647
457 0.5303647
458 0.5303647
459 0.5303647
460 0.5303647
461 0.5303647
462 0.5303647
463 0.5303647
464 0.5303647
465 0.5303647
466 0.5303647
467 0.5303647
468 0.5303647
469 0.5303647
470 0.5303647
471 0.5303647
472 0.5303647
473 0.5303647
474 0.5303647
475 0.5303647
476 0.5303647
477 0.5303647
478 0.5303647
479 0.5303647
480 0.5303647
481 0.5303647
482 0.5303647
483 0.5303647
484 0.5303647
485 0.5303647
486 0.5303647
487 0.5303647
488 0.5303647
489 0.5303647
490 0.5303647
491 0.5303647
492 0.5303647
493 0.5303647
494 0.5303647
495 0.5303647
496 0.5303647
497 0.5303647
498 0.5303647
499 0.5303647
500 0.5303647
501 0.5303647
502 0.5303647
503 0.5303647
504 0.5303647
505 0.5303647
506 0.5303647
507 0.5303647
508 0.5303647
509 0.5303647
510 0.5303647
511 0.5303647
512 0.5303647
513 0.5303647
514 0.5303647
515 0.5303647
516 0.5303647
517 0.5303647
518 0.5303647
519 0.5303647
520 0.5303647
521 0.5303647
522 0.5303647
523 0.5303647
524 0.5303647
525 0.5303647
526 0.5303647
527 0.5303647
528 0.5303647
529 0.5303647
530 0.5303647
531 0.5303647
532 0.5303647
533 0.5303647
534 0.5303647
535 0.5303647
536 0.5303647
537 0.5303647
538 0.5303647
539 0.5303647
540 0.5303647
541 0.5303647
542 0.5303647
543 0.5303647
544 0.5303647
545 0.5303647
546 0.5303647
547 0.5303647
548 0.5303647
549 0.5303647
550 0.5303647
551 0.5303647
552 0.5303647
553 0.5303647
554 0.5303647
555 0.5303647
556 0.5303647
557 0.5303647
558 0.5303647
559 0.5303647
560 0.5303647
561 0.5303647
562 0.5303647
563 0.5303647
564 0.5303647
565 0.5303647
566 0.5303647
567 0.5303647
568 0.5303647
569 0.5303647
570 0.5303647
571 0.5303647
572 0.5303647
573 0.5303647
574 0.5303647
575 0.5303647
576 0.5303647
577 0.5303647
578 0.5303647
579 0.5303647
580 0.5303647
581 0.5303647
582 0.5303647
583 0.5303647
584 0.5303647
585 0.5303647
586 0.5303647
587 0.5303647
588 0.5303647
589 0.5303647
590 0.5303647
591 0.5303647
592 0.5303647
593 0.5303647
594 0.5303647
595 0.5303647
596 0.5303647
597 0.5303647
598 0.5303647
599 0.5303647
600 0.5303647
601 0.5303647
602 0.5303647
603 0.5303647
604 0.5303647
605 0.5303647
606 0.5303647
607 0.5303647
608 0.5303647
609 0.5303647
610 0.5303647
611 0.5303647
612 0.5303647
613 0.5303647
614 0.5303647
615 0.5303647
616 0.5303647
617 0.5303647
618 0.5303647
619 0.5303647
620 0.5303647
621 0.5303647
622 0.5303647
623 0.5303647
624 0.5303647
625 0.5303647
626 0.5303647
627 0.5303647
628 0.5303647
629 0.5303647
630 0.5303647
631 0.5303647
632 0.5303647
633 0.5303647
634 0.5303647
635 0.5303647
636 0.5303647
637 0.5303647
638 0.5303647
639 0.5303647
640 0.5303647
641 0.5303647
642 0.5303647
643 0.5303647
644 0.5303647
645 0.5303647
646 0.5303647
647 0.5303647
648 0.5303647
649 0.5303647
650 0.5303647
651 0.5303647
652 0.5303647
653 0.5303647
654 0.5303647
655 0.5303647
656 0.5303647
657 0.5303647
658 0.5303647
659 0.5303647
660 0.5303647
661 0.5303647
662 0.5303647
663 0.5303647
664 0.5303647
665 0.5303647
666 0.5303647
667 0.5303647
668 0.5303647
669 0.5303647
670 0.5303647
671 0.5303647
672 0.5303647
673 0.5303647
674 0.5303647
675 0.5303647
676 0.5303647
677 0.5303647
678 0.5303647
679 0.5303647
680 0.5303647
681 0.5303647
682 0.5303647
683 0.5303647
684 0.5303647
685 0.5303647
686 0.5303647
687 0.5303647
688 0.5303647
689 0.5303647
690 0.5303647
691 0.5303647
692 0.5303647
693 0.5303647
694 0.5303647
695 0.5303647
696 0.5303647
697 0.5303647
698 0.5303647
699 0.5303647
700 0.5303647
701 0.5303647
702 0.5303647
703 0.5303647
704 0.5303647
705 0.5303647
706 0.5303647
707 0.5303647
708 0.5303647
709 0.5303647
710 0.5303647
711 0.5303647
712 0.5303647
713 0.5303647
714 0.5303647
715 0.5303647
716 0.5303647
717 0.5303647
718 0.5303647
719 0.5303647
720 0.5303647
721 0.5303647
722 0.5303647
723 0.5303647
724 0.5303647
725 0.5303647
726 0.5303647
727 0.5303647
728 0.5303647
729 0.5303647
730 0.5303647
731 0.5303647
732 0.5303647
733 0.5303647
734 0.5303647
735 0.5303647
736 0.5303647
737 0.5303647
738 0.5303647
739 0.5303647
740 0.5303647
741 0.5303647
742 0.5303647
743 0.5303647
744 0.5303647
745 0.5303647
746 0.5303647
747 0.5303647
748 0.5303647
749 0.5303647
750 0.5303647
751 0.5303647
752 0.5303647
753 0.5303647
754 0.5303647
755 0.5303647
756 0.5303647
757 0.5303647
758 0.5303647
759 0.5303647
760 0.5303647
761 0.5303647
762 0.5303647
763 0.5303647
764 0.5303647
765 0.5303647
766 0.5303647
767 0.5303647
768 0.5303647
769 0.5303647
770 0.5303647
771 0.5303647
772 0.5303647
773 0.5303647
774 0.5303647
775 0.5303647
776 0.5303647
777 0.5303647
778 0.5303647
779 0.5303647
780 0.5303647
781 0.5303647
782 0.5303647
783 0.5303647
784 0.5303647
785 0.5303647
786 0.5303647
787 0.5303647
788 0.5303647
789 0.5303647
790 0.5303647
791 0.5303647
792 0.5303647
793 0.5303647
794 0.5303647
795 0.5303647
796 0.5303647
797 0.5303647
798 0.5303647
799 0.5303647
800 0.5303647
801 0.5303647
802 0.5303647
803 0.5303647
804 0.5303647
805 0.5303647
806 0.5303647
807 0.5303647
808 0.5303647
809 0.5303647
810 0.5303647
811 0.5303647
812 0.5303647
813 0.5303647
814 0.5303647
815 0.5303647
816 0.5303647
817 0.5303647
818 0.5303647
819 0.5303647
820 0.5303647
821 0.5303647
822 0.5303647
823 0.5303647
824 0.5303647
825 0.5303647
826 0.5303647
827 0.5303647
828 0.5303647
829 0.5303647
830 0.5303647
831 0.5303647
832 0.5303647
833 0.5303647
834 0.5303647
835 0.5303647
836 0.5303647
837 0.5303647
838 0.5303647
839 0.5303647
840 0.5303647
841 0.5303647
842 0.5303647
843 0.5303647
844 0.5303647
845 0.5303647
846 0.5303647
847 0.5303647
848 0.5303647
849 0.5303647
850 0.5303647
851 0.5303647
852 0.5303647
853 0.5303647
854 0.5303647
855 0.5303647
856 0.5303647
857 0.5303647
858 0.5303647
859 0.5303647
860 0.5303647
861 0.5303647
862 0.5303647
863 0.5303647
864 0.5303647
865 0.5303647
866 0.5303647
867 0.5303647
868 0.5303647
869 0.5303647
870 0.5303647
871 0.5303647
872 0.5303647
873 0.5303647
874 0.5303647
875 0.5303647
876 0.5303647
877 0.5303647
878 0.5303647
879 0.5303647
880 0.5303647
881 0.5303647
882 0.5303647
883 0.5303647
884 0.5303647
885 0.5303647
886 0.5303647
887 0.5303647
888 0.5303647
889 0.5303647
890 0.5303647
891 0.5303647
892 0.5303647
893 0.5303647
894 0.5303647
895 0.5303647
896 0.5303647
897 0.5303647
898 0.5303647
899 0.5303647
900 0.5303647
901 0.5303647
902 0.5303647
903 0.5303647
904 0.5303647
905 0.5303647
906 0.5303647
907 0.5303647
908 0.5303647
909 0.5303647
910 0.5303647
911 0.5303647
912 0.5303647
913 0.5303647
914 0.5303647
915 0.5303647
916 0.5303647
917 0.5303647
918 0.5303647
919 0.5303647
920 0.5303647
921 0.5303647
922 0.5303647
923 0.5303647
924 0.5303647
925 0.5303647
926 0.5303647
927 0.5303647
928 0.5303647
929 0.5303647
930 0.5303647
931 0.5303647
932 0.5303647
933 0.5303647
934 0.5303647
935 0.5303647
936 0.5303647
937 0.5303647
938 0.5303647
939 0.5303647
940 0.5303647
941 0.5303647
942 0.5303647
943 0.5303647
944 0.5303647
945 0.5303647
946 0.5303647
947 0.5303647
948 0.5303647
949 0.5303647
950 0.5303647
951 0.5303647
952 0.5303647
953 0.5303647
954 0.5303647
955 0.5303647
956 0.5303647
957 0.5303647
958 0.5303647
959 0.5303647
960 0.5303647
961 0.5303647
962 0.5303647
963 0.5303647
964 0.5303647
965 0.5303647
966 0.5303647
967 0.5303647
968 0.5303647
969 0.5303647
970 0.5303647
971 0.5303647
972 0.5303647
973 0.5303647
974 0.5303647
975 0.5303647
976 0.5303647
977 0.5303647
978 0.5303647
979 0.5303647
980 0.5303647
981 0.5303647
982 0.5303647
983 0.5303647
984 0.5303647
985 0.5303647
986 0.5303647
987 0.5303647
988 0.5303647
989 0.5303647
990 0.5303647
991 0.5303647
992 0.5303647
993 0.5303647
994 0.5303647
995 0.5303647
996 0.5303647
997 0.5303647
998 0.5303647
999 0.5303647
[-0.20337589  0.73751895 -0.13009688 -0.90962819 -0.70352845 -0.19229685]
[0.5303647]
