[09:14:36] WARNING: /workspace/src/objective/regression_obj.cu:152: reg:linear is now deprecated in favor of reg:squarederror.
0 0.5300307
1 0.5352301
2 0.53658736
3 0.53806007
4 0.53806007
5 0.53989655
6 0.54019284
7 0.54019284
8 0.54019284
9 0.54019284
10 0.54019284
11 0.54124993
12 0.54124993
13 0.54124993
14 0.54124993
15 0.54124993
16 0.54124993
17 0.54124993
18 0.54124993
19 0.54124993
20 0.54124993
21 0.54124993
22 0.54124993
23 0.54124993
24 0.54124993
25 0.54124993
26 0.54124993
27 0.54124993
28 0.54124993
29 0.54124993
30 0.54124993
31 0.54124993
32 0.54124993
33 0.54124993
34 0.54124993
35 0.54124993
36 0.54124993
37 0.54124993
38 0.54124993
39 0.54124993
40 0.54124993
41 0.54124993
42 0.54124993
43 0.54124993
44 0.54124993
45 0.54124993
46 0.54124993
47 0.54124993
48 0.54124993
49 0.54124993
50 0.54124993
51 0.54124993
52 0.54124993
53 0.54124993
54 0.54124993
55 0.54124993
56 0.54124993
57 0.54124993
58 0.54124993
59 0.54124993
60 0.54124993
61 0.54124993
62 0.54124993
63 0.54124993
64 0.54124993
65 0.54124993
66 0.54124993
67 0.54124993
68 0.54124993
69 0.54124993
70 0.54124993
71 0.54124993
72 0.54124993
73 0.54124993
74 0.54124993
75 0.54124993
76 0.54124993
77 0.54124993
78 0.54124993
79 0.54124993
80 0.54124993
81 0.54124993
82 0.54124993
83 0.54124993
84 0.54124993
85 0.54124993
86 0.54124993
87 0.54124993
88 0.54124993
89 0.54124993
90 0.54124993
91 0.54124993
92 0.54124993
93 0.54124993
94 0.54124993
95 0.54124993
96 0.54124993
97 0.54124993
98 0.54124993
99 0.54124993
100 0.54124993
101 0.54124993
102 0.54124993
103 0.54124993
104 0.54124993
105 0.54124993
106 0.54124993
107 0.54124993
108 0.54124993
109 0.54124993
110 0.54124993
111 0.54124993
112 0.54124993
113 0.54124993
114 0.54124993
115 0.54124993
116 0.54124993
117 0.54124993
118 0.54124993
119 0.54124993
120 0.54124993
121 0.54124993
122 0.54124993
123 0.54124993
124 0.54124993
125 0.54124993
126 0.54124993
127 0.54124993
128 0.54124993
129 0.54124993
130 0.54124993
131 0.54124993
132 0.54124993
133 0.5419658
134 0.5419658
135 0.5419658
136 0.5419658
137 0.5419658
138 0.5419658
139 0.5419658
140 0.5419658
141 0.5419658
142 0.5419658
143 0.5419658
144 0.5419658
145 0.5419658
146 0.5419658
147 0.5419658
148 0.5419658
149 0.5419658
150 0.5419658
151 0.5419658
152 0.5419658
153 0.5419658
154 0.5419658
155 0.5419658
156 0.5424928
157 0.5424928
158 0.5424928
159 0.542783
160 0.542783
161 0.542783
162 0.542783
163 0.542783
164 0.542783
165 0.542783
166 0.542783
167 0.542783
168 0.542783
169 0.542783
170 0.542783
171 0.542783
172 0.542783
173 0.542783
174 0.542783
175 0.542783
176 0.542783
177 0.542783
178 0.542783
179 0.542783
180 0.542783
181 0.542783
182 0.542783
183 0.542783
184 0.542783
185 0.542783
186 0.542783
187 0.542783
188 0.542783
189 0.542783
190 0.542783
191 0.542783
192 0.542783
193 0.542783
194 0.542783
195 0.542783
196 0.542783
197 0.542783
198 0.542783
199 0.542783
200 0.542783
201 0.542783
202 0.542783
203 0.542783
204 0.542783
205 0.542783
206 0.542783
207 0.542783
208 0.542783
209 0.542783
210 0.542783
211 0.542783
212 0.542783
213 0.542783
214 0.542783
215 0.542783
216 0.542783
217 0.542783
218 0.542783
219 0.542783
220 0.542783
221 0.542783
222 0.542783
223 0.542783
224 0.542783
225 0.542783
226 0.542783
227 0.542783
228 0.542783
229 0.542783
230 0.542783
231 0.542783
232 0.542783
233 0.542783
234 0.542783
235 0.542783
236 0.542783
237 0.542783
238 0.542783
239 0.542783
240 0.542783
241 0.542783
242 0.542783
243 0.542783
244 0.542783
245 0.542783
246 0.542783
247 0.542783
248 0.542783
249 0.542783
250 0.542783
251 0.542783
252 0.542783
253 0.542783
254 0.542783
255 0.542783
256 0.542783
257 0.542783
258 0.542783
259 0.542783
260 0.542783
261 0.542783
262 0.542783
263 0.542783
264 0.542783
265 0.542783
266 0.542783
267 0.542783
268 0.542783
269 0.542783
270 0.542783
271 0.542783
272 0.542783
273 0.542783
274 0.542783
275 0.542783
276 0.542783
277 0.542783
278 0.542783
279 0.542783
280 0.542783
281 0.542783
282 0.542783
283 0.542783
284 0.542783
285 0.542783
286 0.542783
287 0.542783
288 0.542783
289 0.542783
290 0.542783
291 0.542783
292 0.542783
293 0.542783
294 0.542783
295 0.542783
296 0.542783
297 0.542783
298 0.542783
299 0.542783
300 0.542783
301 0.542783
302 0.542783
303 0.542783
304 0.542783
305 0.542783
306 0.542783
307 0.542783
308 0.542783
309 0.542783
310 0.542783
311 0.542783
312 0.542783
313 0.542783
314 0.542783
315 0.542783
316 0.542783
317 0.542783
318 0.542783
319 0.542783
320 0.542783
321 0.542783
322 0.542783
323 0.542783
324 0.542783
325 0.542783
326 0.542783
327 0.542783
328 0.542783
329 0.542783
330 0.542783
331 0.542783
332 0.542783
333 0.542783
334 0.542783
335 0.542783
336 0.542783
337 0.542783
338 0.542783
339 0.542783
340 0.542783
341 0.542783
342 0.542783
343 0.542783
344 0.542783
345 0.542783
346 0.542783
347 0.542783
348 0.542783
349 0.542783
350 0.542783
351 0.542783
352 0.542783
353 0.542783
354 0.542783
355 0.542783
356 0.542783
357 0.542783
358 0.542783
359 0.542783
360 0.542783
361 0.542783
362 0.542783
363 0.542783
364 0.542783
365 0.542783
366 0.542783
367 0.542783
368 0.542783
369 0.542783
370 0.542783
371 0.542783
372 0.542783
373 0.542783
374 0.542783
375 0.542783
376 0.542783
377 0.542783
378 0.542783
379 0.542783
380 0.542783
381 0.542783
382 0.542783
383 0.542783
384 0.542783
385 0.542783
386 0.542783
387 0.542783
388 0.542783
389 0.542783
390 0.542783
391 0.542783
392 0.542783
393 0.542783
394 0.542783
395 0.542783
396 0.542783
397 0.542783
398 0.542783
399 0.542783
400 0.542783
401 0.542783
402 0.542783
403 0.542783
404 0.542783
405 0.542783
406 0.542783
407 0.542783
408 0.542783
409 0.542783
410 0.542783
411 0.542783
412 0.542783
413 0.542783
414 0.542783
415 0.542783
416 0.542783
417 0.542783
418 0.542783
419 0.542783
420 0.542783
421 0.542783
422 0.542783
423 0.542783
424 0.542783
425 0.542783
426 0.542783
427 0.542783
428 0.542783
429 0.542783
430 0.542783
431 0.542783
432 0.542783
433 0.542783
434 0.542783
435 0.542783
436 0.542783
437 0.542783
438 0.542783
439 0.542783
440 0.542783
441 0.542783
442 0.542783
443 0.542783
444 0.542783
445 0.542783
446 0.542783
447 0.542783
448 0.542783
449 0.542783
450 0.542783
451 0.542783
452 0.542783
453 0.542783
454 0.542783
455 0.542783
456 0.542783
457 0.542783
458 0.542783
459 0.542783
460 0.542783
461 0.542783
462 0.542783
463 0.542783
464 0.542783
465 0.542783
466 0.542783
467 0.542783
468 0.542783
469 0.542783
470 0.542783
471 0.542783
472 0.542783
473 0.542783
474 0.542783
475 0.542783
476 0.542783
477 0.542783
478 0.542783
479 0.542783
480 0.542783
481 0.542783
482 0.542783
483 0.542783
484 0.542783
485 0.542783
486 0.542783
487 0.542783
488 0.542783
489 0.542783
490 0.542783
491 0.542783
492 0.542783
493 0.542783
494 0.542783
495 0.542783
496 0.542783
497 0.542783
498 0.542783
499 0.542783
500 0.542783
501 0.542783
502 0.542783
503 0.542783
504 0.542783
505 0.542783
506 0.542783
507 0.542783
508 0.542783
509 0.542783
510 0.542783
511 0.542783
512 0.542783
513 0.542783
514 0.542783
515 0.542783
516 0.542783
517 0.542783
518 0.542783
519 0.542783
520 0.542783
521 0.542783
522 0.542783
523 0.542783
524 0.542783
525 0.542783
526 0.542783
527 0.542783
528 0.542783
529 0.542783
530 0.542783
531 0.542783
532 0.542783
533 0.542783
534 0.542783
535 0.542783
536 0.542783
537 0.542783
538 0.542783
539 0.542783
540 0.542783
541 0.542783
542 0.542783
543 0.542783
544 0.542783
545 0.542783
546 0.542783
547 0.542783
548 0.542783
549 0.542783
550 0.542783
551 0.542783
552 0.542783
553 0.542783
554 0.542783
555 0.542783
556 0.542783
557 0.542783
558 0.542783
559 0.542783
560 0.542783
561 0.542783
562 0.542783
563 0.542783
564 0.542783
565 0.542783
566 0.542783
567 0.542783
568 0.542783
569 0.542783
570 0.542783
571 0.542783
572 0.542783
573 0.542783
574 0.542783
575 0.542783
576 0.542783
577 0.542783
578 0.542783
579 0.542783
580 0.542783
581 0.542783
582 0.542783
583 0.542783
584 0.542783
585 0.542783
586 0.542783
587 0.542783
588 0.542783
589 0.542783
590 0.542783
591 0.542783
592 0.542783
593 0.542783
594 0.542783
595 0.542783
596 0.542783
597 0.542783
598 0.542783
599 0.542783
600 0.542783
601 0.542783
602 0.542783
603 0.542783
604 0.542783
605 0.542783
606 0.542783
607 0.542783
608 0.542783
609 0.542783
610 0.542783
611 0.542783
612 0.542783
613 0.542783
614 0.542783
615 0.542783
616 0.542783
617 0.542783
618 0.542783
619 0.542783
620 0.542783
621 0.542783
622 0.542783
623 0.542783
624 0.542783
625 0.542783
626 0.542783
627 0.542783
628 0.542783
629 0.542783
630 0.542783
631 0.542783
632 0.542783
633 0.542783
634 0.542783
635 0.542783
636 0.542783
637 0.542783
638 0.542783
639 0.542783
640 0.542783
641 0.542783
642 0.542783
643 0.542783
644 0.542783
645 0.542783
646 0.542783
647 0.542783
648 0.542783
649 0.542783
650 0.542783
651 0.542783
652 0.542783
653 0.542783
654 0.542783
655 0.542783
656 0.542783
657 0.542783
658 0.542783
659 0.542783
660 0.542783
661 0.542783
662 0.542783
663 0.542783
664 0.542783
665 0.542783
666 0.542783
667 0.542783
668 0.542783
669 0.542783
670 0.542783
671 0.542783
672 0.542783
673 0.542783
674 0.542783
675 0.542783
676 0.542783
677 0.542783
678 0.542783
679 0.542783
680 0.542783
681 0.542783
682 0.542783
683 0.542783
684 0.542783
685 0.542783
686 0.542783
687 0.542783
688 0.542783
689 0.542783
690 0.542783
691 0.542783
692 0.542783
693 0.542783
694 0.542783
695 0.542783
696 0.542783
697 0.542783
698 0.542783
699 0.542783
700 0.542783
701 0.542783
702 0.542783
703 0.542783
704 0.542783
705 0.542783
706 0.542783
707 0.542783
708 0.542783
709 0.542783
710 0.542783
711 0.542783
712 0.542783
713 0.542783
714 0.542783
715 0.542783
716 0.542783
717 0.542783
718 0.542783
719 0.542783
720 0.542783
721 0.542783
722 0.542783
723 0.542783
724 0.542783
725 0.542783
726 0.542783
727 0.542783
728 0.542783
729 0.542783
730 0.542783
731 0.542783
732 0.542783
733 0.542783
734 0.542783
735 0.542783
736 0.542783
737 0.542783
738 0.542783
739 0.542783
740 0.542783
741 0.542783
742 0.542783
743 0.542783
744 0.542783
745 0.542783
746 0.542783
747 0.542783
748 0.542783
749 0.542783
750 0.542783
751 0.542783
752 0.542783
753 0.542783
754 0.542783
755 0.542783
756 0.542783
757 0.542783
758 0.542783
759 0.542783
760 0.542783
761 0.542783
762 0.542783
763 0.542783
764 0.542783
765 0.542783
766 0.542783
767 0.542783
768 0.542783
769 0.542783
770 0.542783
771 0.542783
772 0.542783
773 0.542783
774 0.542783
775 0.542783
776 0.542783
777 0.542783
778 0.542783
779 0.542783
780 0.542783
781 0.542783
782 0.542783
783 0.542783
784 0.542783
785 0.542783
786 0.542783
787 0.542783
788 0.542783
789 0.542783
790 0.542783
791 0.542783
792 0.542783
793 0.542783
794 0.542783
795 0.542783
796 0.542783
797 0.542783
798 0.542783
799 0.542783
800 0.542783
801 0.542783
802 0.542783
803 0.542783
804 0.542783
805 0.542783
806 0.542783
807 0.542783
808 0.542783
809 0.542783
810 0.542783
811 0.542783
812 0.542783
813 0.542783
814 0.542783
815 0.542783
816 0.542783
817 0.542783
818 0.542783
819 0.542783
820 0.542783
821 0.542783
822 0.542783
823 0.542783
824 0.542783
825 0.542783
826 0.542783
827 0.542783
828 0.542783
829 0.542783
830 0.542783
831 0.542783
832 0.542783
833 0.542783
834 0.542783
835 0.542783
836 0.542783
837 0.542783
838 0.542783
839 0.542783
840 0.542783
841 0.542783
842 0.542783
843 0.542783
844 0.542783
845 0.542783
846 0.542783
847 0.542783
848 0.542783
849 0.542783
850 0.542783
851 0.542783
852 0.542783
853 0.542783
854 0.542783
855 0.542783
856 0.542783
857 0.542783
858 0.542783
859 0.542783
860 0.542783
861 0.542783
862 0.542783
863 0.542783
864 0.542783
865 0.542783
866 0.542783
867 0.542783
868 0.542783
869 0.542783
870 0.542783
871 0.542783
872 0.542783
873 0.542783
874 0.542783
875 0.542783
876 0.542783
877 0.542783
878 0.542783
879 0.542783
880 0.542783
881 0.542783
882 0.542783
883 0.542783
884 0.542783
885 0.542783
886 0.542783
887 0.542783
888 0.542783
889 0.542783
890 0.542783
891 0.542783
892 0.542783
893 0.542783
894 0.542783
895 0.542783
896 0.542783
897 0.542783
898 0.542783
899 0.542783
900 0.542783
901 0.542783
902 0.542783
903 0.542783
904 0.542783
905 0.542783
906 0.542783
907 0.542783
908 0.542783
909 0.542783
910 0.542783
911 0.542783
912 0.542783
913 0.542783
914 0.542783
915 0.542783
916 0.542783
917 0.542783
918 0.542783
919 0.542783
920 0.542783
921 0.542783
922 0.542783
923 0.542783
924 0.542783
925 0.542783
926 0.542783
927 0.542783
928 0.542783
929 0.542783
930 0.542783
931 0.542783
932 0.542783
933 0.542783
934 0.542783
935 0.542783
936 0.542783
937 0.542783
938 0.542783
939 0.542783
940 0.542783
941 0.542783
942 0.542783
943 0.542783
944 0.542783
945 0.542783
946 0.542783
947 0.542783
948 0.542783
949 0.542783
950 0.542783
951 0.542783
952 0.542783
953 0.542783
954 0.542783
955 0.542783
956 0.542783
957 0.542783
958 0.542783
959 0.542783
960 0.542783
961 0.542783
962 0.542783
963 0.542783
964 0.542783
965 0.542783
966 0.542783
967 0.542783
968 0.542783
969 0.542783
970 0.542783
971 0.542783
972 0.542783
973 0.542783
974 0.542783
975 0.542783
976 0.542783
977 0.542783
978 0.542783
979 0.542783
980 0.542783
981 0.542783
982 0.542783
983 0.542783
984 0.542783
985 0.542783
986 0.542783
987 0.542783
988 0.542783
989 0.542783
990 0.542783
991 0.542783
992 0.542783
993 0.542783
994 0.542783
995 0.542783
996 0.542783
997 0.542783
998 0.542783
999 0.542783
[-0.2316233   0.73760333 -0.09938472 -0.96584835  0.74948021 -0.83289392]
[0.542783]
