[09:15:13] WARNING: /workspace/src/objective/regression_obj.cu:152: reg:linear is now deprecated in favor of reg:squarederror.
0 0.5208352
1 0.53216773
2 0.53216773
3 0.53257424
4 0.5335352
5 0.5337551
6 0.5337551
7 0.5337551
8 0.5337551
9 0.5351304
10 0.5370377
11 0.5370377
12 0.5370377
13 0.5370377
14 0.5370377
15 0.5370377
16 0.5370377
17 0.5370377
18 0.5370377
19 0.5370377
20 0.5370377
21 0.5370377
22 0.5370377
23 0.5372302
24 0.5372302
25 0.5372302
26 0.5372302
27 0.5372302
28 0.53757125
29 0.53757125
30 0.53757125
31 0.53757125
32 0.53757125
33 0.53757125
34 0.53757125
35 0.53757125
36 0.53757125
37 0.53757125
38 0.53757125
39 0.53757125
40 0.53757125
41 0.53757125
42 0.53757125
43 0.53757125
44 0.53757125
45 0.53757125
46 0.53757125
47 0.53757125
48 0.53757125
49 0.53757125
50 0.53757125
51 0.53757125
52 0.53757125
53 0.53757125
54 0.53757125
55 0.53757125
56 0.53757125
57 0.53757125
58 0.53757125
59 0.53757125
60 0.53757125
61 0.53757125
62 0.53757125
63 0.53757125
64 0.53757125
65 0.53757125
66 0.53757125
67 0.53757125
68 0.53757125
69 0.53757125
70 0.53757125
71 0.53757125
72 0.53757125
73 0.53757125
74 0.53757125
75 0.53757125
76 0.53757125
77 0.53757125
78 0.53757125
79 0.53757125
80 0.53757125
81 0.53757125
82 0.53757125
83 0.53757125
84 0.53757125
85 0.53757125
86 0.53757125
87 0.53757125
88 0.53757125
89 0.53757125
90 0.53757125
91 0.53757125
92 0.53757125
93 0.53757125
94 0.53757125
95 0.53757125
96 0.53757125
97 0.53757125
98 0.53757125
99 0.53757125
100 0.53757125
101 0.53757125
102 0.53757125
103 0.53757125
104 0.53757125
105 0.53757125
106 0.53757125
107 0.53757125
108 0.53757125
109 0.53757125
110 0.53757125
111 0.53757125
112 0.53757125
113 0.53757125
114 0.53757125
115 0.53757125
116 0.53757125
117 0.53757125
118 0.53757125
119 0.53757125
120 0.53757125
121 0.53757125
122 0.53757125
123 0.53757125
124 0.53757125
125 0.53757125
126 0.53757125
127 0.53757125
128 0.53757125
129 0.53757125
130 0.53757125
131 0.53757125
132 0.53757125
133 0.53757125
134 0.53757125
135 0.53757125
136 0.53757125
137 0.53757125
138 0.53757125
139 0.53757125
140 0.53757125
141 0.53757125
142 0.53757125
143 0.53757125
144 0.53757125
145 0.53757125
146 0.53757125
147 0.53757125
148 0.53757125
149 0.53757125
150 0.53757125
151 0.53757125
152 0.53757125
153 0.53757125
154 0.53757125
155 0.53757125
156 0.53757125
157 0.53757125
158 0.53757125
159 0.53757125
160 0.53757125
161 0.53757125
162 0.53757125
163 0.53757125
164 0.53757125
165 0.53757125
166 0.53757125
167 0.53757125
168 0.53757125
169 0.53757125
170 0.53757125
171 0.53757125
172 0.53757125
173 0.53757125
174 0.53757125
175 0.53757125
176 0.53757125
177 0.53757125
178 0.53757125
179 0.53757125
180 0.53757125
181 0.53757125
182 0.53757125
183 0.53757125
184 0.53757125
185 0.53757125
186 0.53757125
187 0.53757125
188 0.53757125
189 0.53757125
190 0.53757125
191 0.53757125
192 0.53757125
193 0.53757125
194 0.53757125
195 0.53757125
196 0.53757125
197 0.53757125
198 0.53757125
199 0.53757125
200 0.53757125
201 0.53757125
202 0.53757125
203 0.53757125
204 0.53757125
205 0.53757125
206 0.53757125
207 0.53757125
208 0.53757125
209 0.53757125
210 0.53757125
211 0.53757125
212 0.53757125
213 0.53757125
214 0.53757125
215 0.53757125
216 0.53757125
217 0.53757125
218 0.53757125
219 0.53757125
220 0.53757125
221 0.53757125
222 0.53757125
223 0.53757125
224 0.53757125
225 0.53757125
226 0.53757125
227 0.53757125
228 0.53757125
229 0.53757125
230 0.53757125
231 0.53757125
232 0.53757125
233 0.53757125
234 0.53757125
235 0.53757125
236 0.53757125
237 0.53757125
238 0.53757125
239 0.53757125
240 0.53757125
241 0.53757125
242 0.53757125
243 0.53757125
244 0.53757125
245 0.53757125
246 0.53757125
247 0.53757125
248 0.53757125
249 0.53757125
250 0.53757125
251 0.53757125
252 0.53757125
253 0.53757125
254 0.53757125
255 0.53757125
256 0.53757125
257 0.53757125
258 0.53757125
259 0.53757125
260 0.53757125
261 0.53757125
262 0.53757125
263 0.53757125
264 0.53757125
265 0.53757125
266 0.53757125
267 0.53757125
268 0.53757125
269 0.53757125
270 0.53757125
271 0.53757125
272 0.53757125
273 0.53757125
274 0.53757125
275 0.53757125
276 0.53757125
277 0.53757125
278 0.53757125
279 0.53757125
280 0.53757125
281 0.53757125
282 0.53757125
283 0.53757125
284 0.53757125
285 0.53757125
286 0.53757125
287 0.53757125
288 0.53757125
289 0.53757125
290 0.53757125
291 0.53757125
292 0.53757125
293 0.53757125
294 0.53757125
295 0.53757125
296 0.53757125
297 0.53757125
298 0.53757125
299 0.53757125
300 0.53757125
301 0.53757125
302 0.53757125
303 0.53757125
304 0.53757125
305 0.53757125
306 0.53757125
307 0.53757125
308 0.53757125
309 0.53757125
310 0.53757125
311 0.53757125
312 0.53757125
313 0.53757125
314 0.53757125
315 0.53757125
316 0.53757125
317 0.53757125
318 0.53757125
319 0.53757125
320 0.53757125
321 0.53757125
322 0.53757125
323 0.53757125
324 0.53757125
325 0.53757125
326 0.53757125
327 0.53757125
328 0.53757125
329 0.53757125
330 0.53757125
331 0.53757125
332 0.53757125
333 0.53757125
334 0.53757125
335 0.53757125
336 0.53757125
337 0.53757125
338 0.53757125
339 0.53757125
340 0.53757125
341 0.53757125
342 0.53757125
343 0.53757125
344 0.53757125
345 0.53757125
346 0.53757125
347 0.53757125
348 0.53757125
349 0.53757125
350 0.53757125
351 0.53757125
352 0.53757125
353 0.53757125
354 0.53757125
355 0.53757125
356 0.53757125
357 0.53757125
358 0.53757125
359 0.53757125
360 0.53757125
361 0.53757125
362 0.53757125
363 0.53757125
364 0.53757125
365 0.53757125
366 0.53757125
367 0.53757125
368 0.53757125
369 0.53757125
370 0.53757125
371 0.53757125
372 0.53757125
373 0.53757125
374 0.53757125
375 0.53757125
376 0.53757125
377 0.53757125
378 0.53757125
379 0.53757125
380 0.53757125
381 0.53757125
382 0.53757125
383 0.53757125
384 0.53757125
385 0.53757125
386 0.53757125
387 0.53757125
388 0.53757125
389 0.53757125
390 0.53757125
391 0.53757125
392 0.53757125
393 0.53757125
394 0.53757125
395 0.53757125
396 0.53757125
397 0.53757125
398 0.53757125
399 0.53757125
400 0.53757125
401 0.53757125
402 0.53757125
403 0.53757125
404 0.53757125
405 0.53757125
406 0.53757125
407 0.53757125
408 0.53757125
409 0.53757125
410 0.53757125
411 0.53757125
412 0.53757125
413 0.53757125
414 0.53757125
415 0.53757125
416 0.53757125
417 0.53757125
418 0.53757125
419 0.53757125
420 0.53757125
421 0.53757125
422 0.53757125
423 0.53757125
424 0.53757125
425 0.53757125
426 0.53757125
427 0.53757125
428 0.53757125
429 0.53757125
430 0.53757125
431 0.53757125
432 0.53757125
433 0.53757125
434 0.53757125
435 0.53757125
436 0.53757125
437 0.53757125
438 0.53757125
439 0.53757125
440 0.53757125
441 0.53757125
442 0.53757125
443 0.53757125
444 0.53757125
445 0.53757125
446 0.53757125
447 0.53757125
448 0.53757125
449 0.53757125
450 0.53757125
451 0.53757125
452 0.53757125
453 0.53757125
454 0.53757125
455 0.53757125
456 0.53757125
457 0.53757125
458 0.53757125
459 0.53757125
460 0.53757125
461 0.53757125
462 0.53757125
463 0.53757125
464 0.53757125
465 0.53757125
466 0.53757125
467 0.53757125
468 0.53757125
469 0.53757125
470 0.53757125
471 0.53757125
472 0.53757125
473 0.53757125
474 0.53757125
475 0.53757125
476 0.53757125
477 0.53757125
478 0.53757125
479 0.53757125
480 0.53757125
481 0.53757125
482 0.53757125
483 0.53757125
484 0.53757125
485 0.53757125
486 0.53757125
487 0.53757125
488 0.53757125
489 0.53757125
490 0.53757125
491 0.53757125
492 0.53757125
493 0.53757125
494 0.53757125
495 0.53757125
496 0.53757125
497 0.53757125
498 0.53757125
499 0.53757125
500 0.53757125
501 0.53757125
502 0.53757125
503 0.53757125
504 0.53757125
505 0.53757125
506 0.53757125
507 0.53757125
508 0.53757125
509 0.53757125
510 0.53757125
511 0.53757125
512 0.53757125
513 0.53757125
514 0.53757125
515 0.53757125
516 0.53757125
517 0.53757125
518 0.53757125
519 0.53757125
520 0.53757125
521 0.53757125
522 0.53757125
523 0.53757125
524 0.53757125
525 0.53757125
526 0.53757125
527 0.53757125
528 0.53757125
529 0.53757125
530 0.53757125
531 0.53757125
532 0.53757125
533 0.53757125
534 0.53757125
535 0.53757125
536 0.53757125
537 0.53757125
538 0.53757125
539 0.53757125
540 0.53757125
541 0.53757125
542 0.53757125
543 0.53757125
544 0.53757125
545 0.53757125
546 0.53757125
547 0.53757125
548 0.53757125
549 0.53757125
550 0.53757125
551 0.53757125
552 0.53757125
553 0.53757125
554 0.53757125
555 0.53757125
556 0.53757125
557 0.53757125
558 0.53757125
559 0.53757125
560 0.53757125
561 0.53757125
562 0.53757125
563 0.53757125
564 0.53757125
565 0.53757125
566 0.53757125
567 0.53757125
568 0.53757125
569 0.53757125
570 0.53757125
571 0.53757125
572 0.53757125
573 0.53757125
574 0.53757125
575 0.53757125
576 0.53757125
577 0.53757125
578 0.53757125
579 0.53757125
580 0.53757125
581 0.53757125
582 0.53757125
583 0.53757125
584 0.53757125
585 0.53757125
586 0.53757125
587 0.53757125
588 0.53757125
589 0.53757125
590 0.53757125
591 0.53757125
592 0.53757125
593 0.53757125
594 0.53757125
595 0.53757125
596 0.53757125
597 0.53757125
598 0.53757125
599 0.53757125
600 0.53757125
601 0.53757125
602 0.53757125
603 0.53757125
604 0.53757125
605 0.53757125
606 0.53757125
607 0.53757125
608 0.53757125
609 0.53757125
610 0.53757125
611 0.53757125
612 0.53757125
613 0.53757125
614 0.53757125
615 0.53757125
616 0.53757125
617 0.53757125
618 0.53757125
619 0.53757125
620 0.53757125
621 0.53757125
622 0.53757125
623 0.53757125
624 0.53757125
625 0.53757125
626 0.53757125
627 0.53757125
628 0.53757125
629 0.53757125
630 0.53757125
631 0.53757125
632 0.53757125
633 0.53757125
634 0.53757125
635 0.53757125
636 0.53757125
637 0.53757125
638 0.53757125
639 0.53757125
640 0.53757125
641 0.53757125
642 0.53757125
643 0.53757125
644 0.53757125
645 0.53757125
646 0.53757125
647 0.53757125
648 0.53757125
649 0.53757125
650 0.53757125
651 0.53757125
652 0.53757125
653 0.53757125
654 0.53757125
655 0.53757125
656 0.53757125
657 0.53757125
658 0.53757125
659 0.53757125
660 0.53757125
661 0.53757125
662 0.53757125
663 0.53757125
664 0.53757125
665 0.53757125
666 0.53757125
667 0.53757125
668 0.53757125
669 0.53757125
670 0.53757125
671 0.53757125
672 0.53757125
673 0.53757125
674 0.53757125
675 0.53757125
676 0.53757125
677 0.53757125
678 0.53757125
679 0.53757125
680 0.53757125
681 0.53757125
682 0.53757125
683 0.53757125
684 0.53757125
685 0.53757125
686 0.53757125
687 0.53757125
688 0.53757125
689 0.53757125
690 0.53757125
691 0.53757125
692 0.53757125
693 0.53757125
694 0.53757125
695 0.53757125
696 0.53757125
697 0.53757125
698 0.53757125
699 0.53757125
700 0.53757125
701 0.53757125
702 0.53757125
703 0.53757125
704 0.53757125
705 0.53757125
706 0.53757125
707 0.53757125
708 0.53757125
709 0.53757125
710 0.53757125
711 0.53757125
712 0.53757125
713 0.53757125
714 0.53757125
715 0.53757125
716 0.53757125
717 0.53757125
718 0.53757125
719 0.53757125
720 0.53757125
721 0.53757125
722 0.53757125
723 0.53757125
724 0.53757125
725 0.53757125
726 0.53757125
727 0.53757125
728 0.53757125
729 0.53757125
730 0.53757125
731 0.53757125
732 0.53757125
733 0.53757125
734 0.53757125
735 0.53757125
736 0.53757125
737 0.53757125
738 0.53757125
739 0.53757125
740 0.53757125
741 0.53757125
742 0.53757125
743 0.53757125
744 0.53757125
745 0.53757125
746 0.53757125
747 0.53757125
748 0.53757125
749 0.53757125
750 0.53757125
751 0.53757125
752 0.53757125
753 0.53757125
754 0.53757125
755 0.53757125
756 0.53757125
757 0.53757125
758 0.53757125
759 0.53757125
760 0.53757125
761 0.53757125
762 0.53757125
763 0.53757125
764 0.53757125
765 0.53757125
766 0.53757125
767 0.53757125
768 0.53757125
769 0.53757125
770 0.53757125
771 0.53757125
772 0.53757125
773 0.53757125
774 0.53757125
775 0.53757125
776 0.53757125
777 0.53757125
778 0.53757125
779 0.53757125
780 0.53757125
781 0.53757125
782 0.53757125
783 0.53757125
784 0.53757125
785 0.53757125
786 0.53757125
787 0.53757125
788 0.53757125
789 0.53757125
790 0.53757125
791 0.53757125
792 0.53757125
793 0.53757125
794 0.53757125
795 0.53757125
796 0.53757125
797 0.53757125
798 0.53757125
799 0.53757125
800 0.53757125
801 0.53757125
802 0.53757125
803 0.53757125
804 0.53757125
805 0.53757125
806 0.53757125
807 0.53757125
808 0.53757125
809 0.53757125
810 0.53757125
811 0.53757125
812 0.53757125
813 0.53757125
814 0.53757125
815 0.53757125
816 0.53757125
817 0.53757125
818 0.53757125
819 0.53757125
820 0.53757125
821 0.53757125
822 0.53757125
823 0.53757125
824 0.53757125
825 0.53757125
826 0.53757125
827 0.53757125
828 0.53757125
829 0.53757125
830 0.53757125
831 0.53757125
832 0.53757125
833 0.53757125
834 0.53757125
835 0.53757125
836 0.53757125
837 0.53757125
838 0.53757125
839 0.53757125
840 0.53757125
841 0.53757125
842 0.53757125
843 0.53757125
844 0.53757125
845 0.53757125
846 0.53757125
847 0.53757125
848 0.53757125
849 0.53757125
850 0.53757125
851 0.53757125
852 0.53757125
853 0.53757125
854 0.53757125
855 0.53757125
856 0.53757125
857 0.53757125
858 0.53757125
859 0.53757125
860 0.53757125
861 0.53757125
862 0.53757125
863 0.53757125
864 0.53757125
865 0.53757125
866 0.53757125
867 0.53757125
868 0.53757125
869 0.53757125
870 0.53757125
871 0.53757125
872 0.53757125
873 0.53757125
874 0.53757125
875 0.53757125
876 0.53757125
877 0.53757125
878 0.53757125
879 0.53757125
880 0.53757125
881 0.53757125
882 0.53757125
883 0.53757125
884 0.53757125
885 0.53757125
886 0.53757125
887 0.53757125
888 0.53757125
889 0.53757125
890 0.53757125
891 0.53757125
892 0.53757125
893 0.53757125
894 0.53757125
895 0.53757125
896 0.53757125
897 0.53757125
898 0.53757125
899 0.53757125
900 0.53757125
901 0.53757125
902 0.53757125
903 0.53757125
904 0.53757125
905 0.53757125
906 0.53757125
907 0.53757125
908 0.53757125
909 0.53757125
910 0.53757125
911 0.53757125
912 0.53757125
913 0.53757125
914 0.53757125
915 0.53757125
916 0.53757125
917 0.53757125
918 0.53757125
919 0.53757125
920 0.53757125
921 0.53757125
922 0.53757125
923 0.53757125
924 0.53757125
925 0.53757125
926 0.53757125
927 0.53757125
928 0.53757125
929 0.53757125
930 0.53757125
931 0.53757125
932 0.53757125
933 0.53757125
934 0.53757125
935 0.53757125
936 0.53757125
937 0.53757125
938 0.53757125
939 0.53757125
940 0.53757125
941 0.53757125
942 0.53757125
943 0.53757125
944 0.53757125
945 0.53757125
946 0.53757125
947 0.53757125
948 0.53757125
949 0.53757125
950 0.53757125
951 0.53757125
952 0.53757125
953 0.53757125
954 0.53757125
955 0.53757125
956 0.53757125
957 0.53757125
958 0.53757125
959 0.53757125
960 0.53757125
961 0.53757125
962 0.53757125
963 0.53757125
964 0.53757125
965 0.53757125
966 0.53757125
967 0.53757125
968 0.53757125
969 0.53757125
970 0.53757125
971 0.53757125
972 0.53757125
973 0.53757125
974 0.53757125
975 0.53757125
976 0.53757125
977 0.53757125
978 0.53757125
979 0.53757125
980 0.53757125
981 0.53757125
982 0.53757125
983 0.53757125
984 0.53757125
985 0.53757125
986 0.53757125
987 0.53757125
988 0.53757125
989 0.53757125
990 0.53757125
991 0.53757125
992 0.53757125
993 0.53757125
994 0.53757125
995 0.53757125
996 0.53757125
997 0.53757125
998 0.53757125
999 0.53757125
[-0.05478202  0.94058615 -0.25413653 -0.78563593 -0.56182659 -0.71159206]
[0.53757125]
